{"total": {"lines":{"total":244,"covered":71,"skipped":0,"pct":29.09},"statements":{"total":253,"covered":76,"skipped":0,"pct":30.03},"functions":{"total":34,"covered":16,"skipped":0,"pct":47.05},"branches":{"total":63,"covered":7,"skipped":0,"pct":11.11},"branchesTrue":{"total":0,"covered":0,"skipped":0,"pct":"Unknown"}}
,"/home/anja/Desktop/461/ACME-Project-Anja/src/CalculateMetrics.ts": {"lines":{"total":50,"covered":46,"skipped":0,"pct":92},"functions":{"total":15,"covered":15,"skipped":0,"pct":100},"statements":{"total":55,"covered":51,"skipped":0,"pct":92.72},"branches":{"total":6,"covered":1,"skipped":0,"pct":16.66}}
,"/home/anja/Desktop/461/ACME-Project-Anja/src/GitHubAPIcaller.ts": {"lines":{"total":79,"covered":25,"skipped":0,"pct":31.64},"functions":{"total":11,"covered":1,"skipped":0,"pct":9.09},"statements":{"total":79,"covered":25,"skipped":0,"pct":31.64},"branches":{"total":19,"covered":6,"skipped":0,"pct":31.57}}
,"/home/anja/Desktop/461/ACME-Project-Anja/src/License.ts": {"lines":{"total":43,"covered":0,"skipped":0,"pct":0},"functions":{"total":4,"covered":0,"skipped":0,"pct":0},"statements":{"total":45,"covered":0,"skipped":0,"pct":0},"branches":{"total":23,"covered":0,"skipped":0,"pct":0}}
,"/home/anja/Desktop/461/ACME-Project-Anja/src/logger.ts": {"lines":{"total":6,"covered":0,"skipped":0,"pct":0},"functions":{"total":1,"covered":0,"skipped":0,"pct":0},"statements":{"total":6,"covered":0,"skipped":0,"pct":0},"branches":{"total":4,"covered":0,"skipped":0,"pct":0}}
,"/home/anja/Desktop/461/ACME-Project-Anja/src/main.ts": {"lines":{"total":66,"covered":0,"skipped":0,"pct":0},"functions":{"total":3,"covered":0,"skipped":0,"pct":0},"statements":{"total":68,"covered":0,"skipped":0,"pct":0},"branches":{"total":11,"covered":0,"skipped":0,"pct":0}}
}
