TN:
SF:src/CalculateMetrics.ts
FN:6,calculateBusFactorScore
FN:9,(anonymous_1)
FN:13,(anonymous_2)
FN:23,(anonymous_3)
FN:32,calculateCorrectness
FN:46,calculateRampUpScore
FN:49,(anonymous_6)
FN:50,(anonymous_7)
FN:51,(anonymous_8)
FN:55,(anonymous_9)
FN:71,(anonymous_10)
FN:85,calculateResponsiveMaintainerScore
FN:92,(anonymous_12)
FN:101,(anonymous_13)
FN:114,calculateNetScore
FNF:15
FNH:15
FNDA:1,calculateBusFactorScore
FNDA:2,(anonymous_1)
FNDA:2,(anonymous_2)
FNDA:2,(anonymous_3)
FNDA:1,calculateCorrectness
FNDA:1,calculateRampUpScore
FNDA:2,(anonymous_6)
FNDA:2,(anonymous_7)
FNDA:4,(anonymous_8)
FNDA:2,(anonymous_9)
FNDA:1,(anonymous_10)
FNDA:1,calculateResponsiveMaintainerScore
FNDA:2,(anonymous_12)
FNDA:2,(anonymous_13)
FNDA:1,calculateNetScore
DA:6,1
DA:8,1
DA:9,2
DA:13,2
DA:16,1
DA:19,1
DA:22,1
DA:23,2
DA:26,1
DA:29,1
DA:32,1
DA:33,1
DA:34,1
DA:36,1
DA:37,0
DA:40,1
DA:43,1
DA:46,1
DA:48,1
DA:50,2
DA:51,4
DA:53,2
DA:55,2
DA:59,1
DA:60,0
DA:64,1
DA:65,1
DA:66,1
DA:67,1
DA:71,1
DA:74,1
DA:75,0
DA:79,1
DA:82,1
DA:85,1
DA:87,1
DA:88,1
DA:89,1
DA:92,1
DA:93,2
DA:94,2
DA:98,1
DA:101,2
DA:104,1
DA:105,0
DA:108,1
DA:111,1
DA:114,1
DA:116,1
DA:120,1
LF:50
LH:46
BRDA:36,0,0,0
BRDA:53,1,0,2
BRDA:53,1,1,0
BRDA:59,2,0,0
BRDA:74,3,0,0
BRDA:104,4,0,0
BRF:6
BRH:1
end_of_record
TN:
SF:src/GitHubAPIcaller.ts
FN:78,fetchRepositoryInfo
FN:112,fetchRepositoryIssues
FN:151,fetchRepositoryUsers
FN:205,getNpmPackageGithubRepo
FN:239,printRepositoryInfo
FN:247,printRepositoryIssues
FN:252,(anonymous_24)
FN:267,printRepositoryUsers
FN:277,(anonymous_26)
FN:290,(anonymous_27)
FN:294,(anonymous_28)
FNF:11
FNH:1
FNDA:0,fetchRepositoryInfo
FNDA:0,fetchRepositoryIssues
FNDA:0,fetchRepositoryUsers
FNDA:3,getNpmPackageGithubRepo
FNDA:0,printRepositoryInfo
FNDA:0,printRepositoryIssues
FNDA:0,(anonymous_24)
FNDA:0,printRepositoryUsers
FNDA:0,(anonymous_26)
FNDA:0,(anonymous_27)
FNDA:0,(anonymous_28)
DA:1,1
DA:2,1
DA:5,1
DA:6,1
DA:9,1
DA:78,1
DA:79,0
DA:93,0
DA:102,0
DA:103,0
DA:106,0
DA:108,0
DA:112,1
DA:113,0
DA:132,0
DA:141,0
DA:142,0
DA:145,0
DA:147,0
DA:151,1
DA:152,0
DA:181,0
DA:190,0
DA:191,0
DA:194,0
DA:196,0
DA:205,1
DA:206,3
DA:207,3
DA:208,2
DA:210,2
DA:211,2
DA:213,2
DA:214,0
DA:215,2
DA:216,0
DA:218,2
DA:221,2
DA:222,1
DA:226,1
DA:228,1
DA:229,1
DA:239,1
DA:240,0
DA:241,0
DA:242,0
DA:243,0
DA:247,1
DA:248,0
DA:249,0
DA:252,0
DA:253,0
DA:254,0
DA:255,0
DA:256,0
DA:260,0
DA:263,0
DA:267,1
DA:268,0
DA:271,0
DA:272,0
DA:273,0
DA:277,0
DA:278,0
DA:279,0
DA:280,0
DA:283,0
DA:284,0
DA:285,0
DA:286,0
DA:289,0
DA:290,0
DA:291,0
DA:293,0
DA:294,0
DA:295,0
DA:296,0
DA:300,0
DA:305,0
LF:79
LH:25
BRDA:102,0,0,0
BRDA:141,1,0,0
BRDA:190,2,0,0
BRDA:210,3,0,2
BRDA:210,4,0,2
BRDA:210,4,1,2
BRDA:213,5,0,0
BRDA:213,5,1,2
BRDA:215,6,0,0
BRDA:215,6,1,2
BRDA:221,7,0,1
BRDA:256,8,0,0
BRDA:256,8,1,0
BRDA:271,9,0,0
BRDA:278,10,0,0
BRDA:289,11,0,0
BRDA:289,11,1,0
BRDA:293,12,0,0
BRDA:293,12,1,0
BRF:19
BRH:6
end_of_record
TN:
SF:src/License.ts
FN:9,getLicense
FN:30,(anonymous_16)
FN:39,(anonymous_17)
FN:70,identifyLicenseType
FNF:4
FNH:4
FNDA:4,getLicense
FNDA:3,(anonymous_16)
FNDA:1,(anonymous_17)
FNDA:3,identifyLicenseType
DA:1,1
DA:2,1
DA:3,1
DA:4,1
DA:7,1
DA:9,1
DA:10,4
DA:12,4
DA:14,4
DA:15,4
DA:19,4
DA:29,4
DA:30,4
DA:31,4
DA:32,4
DA:34,4
DA:36,2
DA:37,2
DA:39,2
DA:40,2
DA:42,1
DA:44,1
DA:45,1
DA:46,1
DA:52,4
DA:55,4
DA:56,2
DA:57,2
DA:58,1
DA:60,1
DA:64,0
DA:65,0
DA:71,3
DA:72,2
DA:73,1
DA:74,0
DA:75,1
DA:76,0
DA:77,1
DA:78,0
DA:79,1
DA:80,0
DA:82,1
LF:43
LH:37
BRDA:14,0,0,4
BRDA:34,1,0,2
BRDA:34,1,1,2
BRDA:40,2,0,1
BRDA:44,3,0,1
BRDA:55,4,0,2
BRDA:55,4,1,2
BRDA:55,5,0,4
BRDA:55,5,1,2
BRDA:57,6,0,1
BRDA:57,6,1,1
BRDA:57,7,0,2
BRDA:57,7,1,1
BRDA:71,8,0,2
BRDA:71,8,1,1
BRDA:73,9,0,0
BRDA:73,9,1,1
BRDA:75,10,0,0
BRDA:75,10,1,1
BRDA:77,11,0,0
BRDA:77,11,1,1
BRDA:79,12,0,0
BRDA:79,12,1,1
BRF:23
BRH:19
end_of_record
TN:
SF:src/logger.ts
FN:14,(anonymous_6)
FNF:1
FNH:0
FNDA:0,(anonymous_6)
DA:1,0
DA:4,0
DA:7,0
DA:10,0
DA:15,0
DA:24,0
LF:6
LH:0
BRDA:4,0,0,0
BRDA:4,0,1,0
BRDA:7,1,0,0
BRDA:7,1,1,0
BRF:4
BRH:0
end_of_record
TN:
SF:src/main.ts
FN:27,(anonymous_14)
FN:28,(anonymous_15)
FN:64,processPackageData
FN:86,(anonymous_18)
FN:86,(anonymous_19)
FNF:5
FNH:0
FNDA:0,(anonymous_14)
FNDA:0,(anonymous_15)
FNDA:0,processPackageData
FNDA:0,(anonymous_18)
FNDA:0,(anonymous_19)
DA:3,0
DA:6,0
DA:8,0
DA:9,0
DA:12,0
DA:13,0
DA:14,0
DA:18,0
DA:19,0
DA:22,0
DA:25,0
DA:27,0
DA:28,0
DA:33,0
DA:38,0
DA:45,0
DA:64,0
DA:65,0
DA:67,0
DA:70,0
DA:72,0
DA:75,0
DA:79,0
DA:86,0
DA:87,0
DA:90,0
DA:95,0
DA:96,0
DA:98,0
DA:99,0
DA:101,0
DA:105,0
DA:107,0
DA:108,0
DA:111,0
DA:113,0
DA:114,0
DA:120,0
DA:130,0
DA:133,0
DA:134,0
DA:135,0
DA:136,0
DA:139,0
DA:140,0
DA:141,0
DA:145,0
DA:146,0
DA:147,0
DA:148,0
DA:151,0
DA:152,0
DA:153,0
DA:154,0
DA:157,0
DA:158,0
DA:159,0
DA:160,0
DA:163,0
DA:164,0
DA:165,0
DA:166,0
DA:169,0
DA:171,0
DA:173,0
DA:193,0
DA:196,0
DA:203,0
LF:68
LH:0
BRDA:12,0,0,0
BRDA:12,1,0,0
BRDA:12,1,1,0
BRDA:19,2,0,0
BRDA:19,2,1,0
BRDA:67,3,0,0
BRDA:67,3,1,0
BRDA:98,4,0,0
BRDA:98,4,1,0
BRDA:105,5,0,0
BRDA:105,5,1,0
BRF:11
BRH:0
end_of_record
