TN:
SF:src/CalculateMetrics.ts
FN:6,calculateBusFactorScore
FN:9,(anonymous_1)
FN:13,(anonymous_2)
FN:23,(anonymous_3)
FN:32,calculateCorrectness
FN:46,calculateRampUpScore
FN:49,(anonymous_6)
FN:50,(anonymous_7)
FN:51,(anonymous_8)
FN:55,(anonymous_9)
FN:71,(anonymous_10)
FN:85,calculateResponsiveMaintainerScore
FN:92,(anonymous_12)
FN:101,(anonymous_13)
FN:114,calculateNetScore
FNF:15
FNH:0
FNDA:0,calculateBusFactorScore
FNDA:0,(anonymous_1)
FNDA:0,(anonymous_2)
FNDA:0,(anonymous_3)
FNDA:0,calculateCorrectness
FNDA:0,calculateRampUpScore
FNDA:0,(anonymous_6)
FNDA:0,(anonymous_7)
FNDA:0,(anonymous_8)
FNDA:0,(anonymous_9)
FNDA:0,(anonymous_10)
FNDA:0,calculateResponsiveMaintainerScore
FNDA:0,(anonymous_12)
FNDA:0,(anonymous_13)
FNDA:0,calculateNetScore
DA:6,0
DA:8,0
DA:9,0
DA:13,0
DA:16,0
DA:19,0
DA:22,0
DA:23,0
DA:26,0
DA:29,0
DA:32,0
DA:33,0
DA:34,0
DA:36,0
DA:37,0
DA:40,0
DA:43,0
DA:46,0
DA:48,0
DA:50,0
DA:51,0
DA:53,0
DA:55,0
DA:59,0
DA:60,0
DA:64,0
DA:65,0
DA:66,0
DA:67,0
DA:71,0
DA:74,0
DA:75,0
DA:79,0
DA:82,0
DA:85,0
DA:87,0
DA:88,0
DA:89,0
DA:92,0
DA:93,0
DA:94,0
DA:98,0
DA:101,0
DA:104,0
DA:105,0
DA:108,0
DA:111,0
DA:114,0
DA:116,0
DA:120,0
LF:50
LH:0
BRDA:36,0,0,0
BRDA:53,1,0,0
BRDA:53,1,1,0
BRDA:59,2,0,0
BRDA:74,3,0,0
BRDA:104,4,0,0
BRF:6
BRH:0
end_of_record
TN:
SF:src/GitHubAPIcaller.ts
FN:78,fetchRepositoryInfo
FN:112,fetchRepositoryIssues
FN:151,fetchRepositoryUsers
FN:205,getNpmPackageGithubRepo
FN:245,printRepositoryInfo
FN:253,printRepositoryIssues
FN:258,(anonymous_24)
FN:273,printRepositoryUsers
FN:283,(anonymous_26)
FN:296,(anonymous_27)
FN:300,(anonymous_28)
FNF:11
FNH:0
FNDA:0,fetchRepositoryInfo
FNDA:0,fetchRepositoryIssues
FNDA:0,fetchRepositoryUsers
FNDA:0,getNpmPackageGithubRepo
FNDA:0,printRepositoryInfo
FNDA:0,printRepositoryIssues
FNDA:0,(anonymous_24)
FNDA:0,printRepositoryUsers
FNDA:0,(anonymous_26)
FNDA:0,(anonymous_27)
FNDA:0,(anonymous_28)
DA:1,0
DA:2,0
DA:5,0
DA:6,0
DA:9,0
DA:78,0
DA:79,0
DA:93,0
DA:102,0
DA:103,0
DA:106,0
DA:108,0
DA:112,0
DA:113,0
DA:132,0
DA:141,0
DA:142,0
DA:145,0
DA:147,0
DA:151,0
DA:152,0
DA:181,0
DA:190,0
DA:191,0
DA:194,0
DA:196,0
DA:205,0
DA:206,0
DA:208,0
DA:209,0
DA:212,0
DA:213,0
DA:217,0
DA:219,0
DA:221,0
DA:223,0
DA:227,0
DA:229,0
DA:233,0
DA:235,0
DA:236,0
DA:245,0
DA:246,0
DA:247,0
DA:248,0
DA:249,0
DA:253,0
DA:254,0
DA:255,0
DA:258,0
DA:259,0
DA:260,0
DA:261,0
DA:262,0
DA:266,0
DA:269,0
DA:273,0
DA:274,0
DA:277,0
DA:278,0
DA:279,0
DA:283,0
DA:284,0
DA:285,0
DA:286,0
DA:289,0
DA:290,0
DA:291,0
DA:292,0
DA:295,0
DA:296,0
DA:297,0
DA:299,0
DA:300,0
DA:301,0
DA:302,0
DA:306,0
DA:311,0
LF:78
LH:0
BRDA:102,0,0,0
BRDA:141,1,0,0
BRDA:190,2,0,0
BRDA:212,3,0,0
BRDA:212,4,0,0
BRDA:212,4,1,0
BRDA:217,5,0,0
BRDA:217,5,1,0
BRDA:221,6,0,0
BRDA:227,7,0,0
BRDA:262,8,0,0
BRDA:262,8,1,0
BRDA:277,9,0,0
BRDA:284,10,0,0
BRDA:295,11,0,0
BRDA:295,11,1,0
BRDA:299,12,0,0
BRDA:299,12,1,0
BRF:18
BRH:0
end_of_record
TN:
SF:src/License.ts
FN:9,getLicense
FN:30,(anonymous_16)
FN:39,(anonymous_17)
FN:70,identifyLicenseType
FNF:4
FNH:0
FNDA:0,getLicense
FNDA:0,(anonymous_16)
FNDA:0,(anonymous_17)
FNDA:0,identifyLicenseType
DA:1,0
DA:2,0
DA:3,0
DA:4,0
DA:7,0
DA:9,0
DA:10,0
DA:12,0
DA:14,0
DA:15,0
DA:19,0
DA:29,0
DA:30,0
DA:31,0
DA:32,0
DA:34,0
DA:36,0
DA:37,0
DA:39,0
DA:40,0
DA:42,0
DA:44,0
DA:45,0
DA:46,0
DA:52,0
DA:55,0
DA:56,0
DA:57,0
DA:58,0
DA:60,0
DA:64,0
DA:65,0
DA:71,0
DA:72,0
DA:73,0
DA:74,0
DA:75,0
DA:76,0
DA:77,0
DA:78,0
DA:79,0
DA:80,0
DA:82,0
LF:43
LH:0
BRDA:14,0,0,0
BRDA:34,1,0,0
BRDA:34,1,1,0
BRDA:40,2,0,0
BRDA:44,3,0,0
BRDA:55,4,0,0
BRDA:55,4,1,0
BRDA:55,5,0,0
BRDA:55,5,1,0
BRDA:57,6,0,0
BRDA:57,6,1,0
BRDA:57,7,0,0
BRDA:57,7,1,0
BRDA:71,8,0,0
BRDA:71,8,1,0
BRDA:73,9,0,0
BRDA:73,9,1,0
BRDA:75,10,0,0
BRDA:75,10,1,0
BRDA:77,11,0,0
BRDA:77,11,1,0
BRDA:79,12,0,0
BRDA:79,12,1,0
BRF:23
BRH:0
end_of_record
TN:
SF:src/logger.ts
FN:14,(anonymous_6)
FNF:1
FNH:0
FNDA:0,(anonymous_6)
DA:1,0
DA:4,0
DA:7,0
DA:10,0
DA:15,0
DA:24,0
LF:6
LH:0
BRDA:4,0,0,0
BRDA:4,0,1,0
BRDA:7,1,0,0
BRDA:7,1,1,0
BRF:4
BRH:0
end_of_record
TN:
SF:src/main.ts
FN:27,(anonymous_14)
FN:28,(anonymous_15)
FN:64,processPackageData
FN:86,(anonymous_18)
FN:86,(anonymous_19)
FNF:5
FNH:0
FNDA:0,(anonymous_14)
FNDA:0,(anonymous_15)
FNDA:0,processPackageData
FNDA:0,(anonymous_18)
FNDA:0,(anonymous_19)
DA:3,0
DA:6,0
DA:8,0
DA:9,0
DA:12,0
DA:13,0
DA:14,0
DA:18,0
DA:19,0
DA:22,0
DA:25,0
DA:27,0
DA:28,0
DA:33,0
DA:38,0
DA:45,0
DA:64,0
DA:65,0
DA:67,0
DA:70,0
DA:72,0
DA:75,0
DA:79,0
DA:86,0
DA:87,0
DA:90,0
DA:95,0
DA:96,0
DA:98,0
DA:99,0
DA:101,0
DA:105,0
DA:107,0
DA:108,0
DA:111,0
DA:113,0
DA:114,0
DA:120,0
DA:130,0
DA:133,0
DA:134,0
DA:135,0
DA:136,0
DA:139,0
DA:140,0
DA:141,0
DA:145,0
DA:146,0
DA:147,0
DA:148,0
DA:151,0
DA:152,0
DA:153,0
DA:154,0
DA:157,0
DA:158,0
DA:159,0
DA:160,0
DA:163,0
DA:164,0
DA:165,0
DA:166,0
DA:169,0
DA:171,0
DA:173,0
DA:193,0
DA:196,0
DA:203,0
LF:68
LH:0
BRDA:12,0,0,0
BRDA:12,1,0,0
BRDA:12,1,1,0
BRDA:19,2,0,0
BRDA:19,2,1,0
BRDA:67,3,0,0
BRDA:67,3,1,0
BRDA:98,4,0,0
BRDA:98,4,1,0
BRDA:105,5,0,0
BRDA:105,5,1,0
BRF:11
BRH:0
end_of_record
