{"numFailedTestSuites":0,"numFailedTests":0,"numPassedTestSuites":2,"numPassedTests":8,"numPendingTestSuites":0,"numPendingTests":0,"numRuntimeErrorTestSuites":0,"numTodoTests":0,"numTotalTestSuites":2,"numTotalTests":8,"openHandles":[],"snapshot":{"added":0,"didUpdate":false,"failure":false,"filesAdded":0,"filesRemoved":0,"filesRemovedList":[],"filesUnmatched":0,"filesUpdated":0,"matched":0,"total":0,"unchecked":0,"uncheckedKeysByFile":[],"unmatched":0,"updated":0},"startTime":1727048692699,"success":true,"testResults":[{"assertionResults":[{"ancestorTitles":["CalculateMetrics functions"],"duration":8,"failureDetails":[],"failureMessages":[],"fullName":"CalculateMetrics functions should calculate bus factor score correctly","invocations":1,"location":null,"numPassingAsserts":1,"retryReasons":[],"status":"passed","title":"should calculate bus factor score correctly"},{"ancestorTitles":["CalculateMetrics functions"],"duration":1,"failureDetails":[],"failureMessages":[],"fullName":"CalculateMetrics functions should calculate correctness score correctly","invocations":1,"location":null,"numPassingAsserts":1,"retryReasons":[],"status":"passed","title":"should calculate correctness score correctly"},{"ancestorTitles":["CalculateMetrics functions"],"duration":1,"failureDetails":[],"failureMessages":[],"fullName":"CalculateMetrics functions should calculate ramp-up score correctly","invocations":1,"location":null,"numPassingAsserts":2,"retryReasons":[],"status":"passed","title":"should calculate ramp-up score correctly"},{"ancestorTitles":["CalculateMetrics functions"],"duration":1,"failureDetails":[],"failureMessages":[],"fullName":"CalculateMetrics functions should calculate responsive maintainer score correctly","invocations":1,"location":null,"numPassingAsserts":1,"retryReasons":[],"status":"passed","title":"should calculate responsive maintainer score correctly"},{"ancestorTitles":["CalculateMetrics functions"],"duration":0,"failureDetails":[],"failureMessages":[],"fullName":"CalculateMetrics functions should calculate net score correctly","invocations":1,"location":null,"numPassingAsserts":1,"retryReasons":[],"status":"passed","title":"should calculate net score correctly"}],"endTime":1727048694867,"message":"","name":"/home/anja/Desktop/461/ACME-Project-Anja/__tests__/calculateMetrics.test.ts","startTime":1727048693036,"status":"passed","summary":""},{"assertionResults":[{"ancestorTitles":["GitHubAPIcaller tests"],"duration":6,"failureDetails":[],"failureMessages":[],"fullName":"GitHubAPIcaller tests should return GitHub repo URL for a valid package","invocations":1,"location":null,"numPassingAsserts":1,"retryReasons":[],"status":"passed","title":"should return GitHub repo URL for a valid package"},{"ancestorTitles":["GitHubAPIcaller tests"],"duration":0,"failureDetails":[],"failureMessages":[],"fullName":"GitHubAPIcaller tests should return null if no GitHub repo found","invocations":1,"location":null,"numPassingAsserts":1,"retryReasons":[],"status":"passed","title":"should return null if no GitHub repo found"},{"ancestorTitles":["GitHubAPIcaller tests"],"duration":3,"failureDetails":[],"failureMessages":[],"fullName":"GitHubAPIcaller tests should log an error and return null if the NPM API fails","invocations":1,"location":null,"numPassingAsserts":2,"retryReasons":[],"status":"passed","title":"should log an error and return null if the NPM API fails"}],"endTime":1727048694962,"message":"","name":"/home/anja/Desktop/461/ACME-Project-Anja/__tests__/GitHubAPIcaller.test.ts","startTime":1727048693054,"status":"passed","summary":""}],"wasInterrupted":false,"coverageMap":{"/home/anja/Desktop/461/ACME-Project-Anja/src/CalculateMetrics.ts":{"path":"/home/anja/Desktop/461/ACME-Project-Anja/src/CalculateMetrics.ts","statementMap":{"0":{"start":{"line":6,"column":0},"end":{"line":6,"column":16}},"1":{"start":{"line":32,"column":0},"end":{"line":32,"column":16}},"2":{"start":{"line":46,"column":0},"end":{"line":46,"column":16}},"3":{"start":{"line":85,"column":0},"end":{"line":85,"column":16}},"4":{"start":{"line":114,"column":0},"end":{"line":114,"column":24}},"5":{"start":{"line":8,"column":24},"end":{"line":9,"column":null}},"6":{"start":{"line":9,"column":14},"end":{"line":9,"column":87}},"7":{"start":{"line":13,"column":29},"end":{"line":13,"column":77}},"8":{"start":{"line":13,"column":64},"end":{"line":13,"column":73}},"9":{"start":{"line":16,"column":21},"end":{"line":16,"column":41}},"10":{"start":{"line":19,"column":30},"end":{"line":19,"column":61}},"11":{"start":{"line":22,"column":35},"end":{"line":24,"column":10}},"12":{"start":{"line":23,"column":22},"end":{"line":23,"column":57}},"13":{"start":{"line":26,"column":25},"end":{"line":26,"column":62}},"14":{"start":{"line":29,"column":2},"end":{"line":29,"column":48}},"15":{"start":{"line":33,"column":22},"end":{"line":33,"column":62}},"16":{"start":{"line":34,"column":26},"end":{"line":34,"column":72}},"17":{"start":{"line":36,"column":2},"end":{"line":38,"column":3}},"18":{"start":{"line":37,"column":4},"end":{"line":37,"column":13}},"19":{"start":{"line":40,"column":22},"end":{"line":40,"column":51}},"20":{"start":{"line":43,"column":2},"end":{"line":43,"column":45}},"21":{"start":{"line":48,"column":43},"end":{"line":55,"column":48}},"22":{"start":{"line":50,"column":32},"end":{"line":51,"column":null}},"23":{"start":{"line":51,"column":8},"end":{"line":51,"column":104}},"24":{"start":{"line":51,"column":55},"end":{"line":51,"column":103}},"25":{"start":{"line":53,"column":6},"end":{"line":53,"column":78}},"26":{"start":{"line":55,"column":22},"end":{"line":55,"column":35}},"27":{"start":{"line":59,"column":2},"end":{"line":61,"column":3}},"28":{"start":{"line":60,"column":4},"end":{"line":60,"column":13}},"29":{"start":{"line":64,"column":36},"end":{"line":64,"column":38}},"30":{"start":{"line":65,"column":2},"end":{"line":68,"column":3}},"31":{"start":{"line":65,"column":14},"end":{"line":65,"column":15}},"32":{"start":{"line":66,"column":24},"end":{"line":66,"column":109}},"33":{"start":{"line":67,"column":4},"end":{"line":67,"column":48}},"34":{"start":{"line":71,"column":32},"end":{"line":71,"column":107}},"35":{"start":{"line":71,"column":69},"end":{"line":71,"column":78}},"36":{"start":{"line":74,"column":2},"end":{"line":76,"column":3}},"37":{"start":{"line":75,"column":4},"end":{"line":75,"column":13}},"38":{"start":{"line":79,"column":22},"end":{"line":79,"column":60}},"39":{"start":{"line":82,"column":2},"end":{"line":82,"column":45}},"40":{"start":{"line":87,"column":22},"end":{"line":87,"column":32}},"41":{"start":{"line":88,"column":22},"end":{"line":88,"column":32}},"42":{"start":{"line":89,"column":2},"end":{"line":89,"column":51}},"43":{"start":{"line":92,"column":23},"end":{"line":95,"column":4}},"44":{"start":{"line":93,"column":22},"end":{"line":93,"column":52}},"45":{"start":{"line":94,"column":4},"end":{"line":94,"column":36}},"46":{"start":{"line":98,"column":22},"end":{"line":98,"column":41}},"47":{"start":{"line":101,"column":25},"end":{"line":101,"column":92}},"48":{"start":{"line":101,"column":56},"end":{"line":101,"column":84}},"49":{"start":{"line":104,"column":2},"end":{"line":106,"column":3}},"50":{"start":{"line":105,"column":4},"end":{"line":105,"column":13}},"51":{"start":{"line":108,"column":31},"end":{"line":108,"column":59}},"52":{"start":{"line":111,"column":2},"end":{"line":111,"column":54}},"53":{"start":{"line":116,"column":19},"end":{"line":117,"column":39}},"54":{"start":{"line":120,"column":2},"end":{"line":120,"column":42}}},"fnMap":{"0":{"name":"calculateBusFactorScore","decl":{"start":{"line":6,"column":16},"end":{"line":6,"column":39}},"loc":{"start":{"line":6,"column":62},"end":{"line":30,"column":1}}},"1":{"name":"(anonymous_1)","decl":{"start":{"line":9,"column":4},"end":{"line":9,"column":5}},"loc":{"start":{"line":9,"column":14},"end":{"line":9,"column":87}}},"2":{"name":"(anonymous_2)","decl":{"start":{"line":13,"column":50},"end":{"line":13,"column":51}},"loc":{"start":{"line":13,"column":64},"end":{"line":13,"column":73}}},"3":{"name":"(anonymous_3)","decl":{"start":{"line":23,"column":4},"end":{"line":23,"column":5}},"loc":{"start":{"line":23,"column":22},"end":{"line":23,"column":57}}},"4":{"name":"calculateCorrectness","decl":{"start":{"line":32,"column":16},"end":{"line":32,"column":36}},"loc":{"start":{"line":32,"column":61},"end":{"line":44,"column":1}}},"5":{"name":"calculateRampUpScore","decl":{"start":{"line":46,"column":16},"end":{"line":46,"column":36}},"loc":{"start":{"line":46,"column":59},"end":{"line":83,"column":1}}},"6":{"name":"(anonymous_6)","decl":{"start":{"line":49,"column":9},"end":{"line":49,"column":10}},"loc":{"start":{"line":49,"column":18},"end":{"line":54,"column":5}}},"7":{"name":"(anonymous_7)","decl":{"start":{"line":50,"column":106},"end":{"line":50,"column":107}},"loc":{"start":{"line":51,"column":8},"end":{"line":51,"column":104}}},"8":{"name":"(anonymous_8)","decl":{"start":{"line":51,"column":37},"end":{"line":51,"column":38}},"loc":{"start":{"line":51,"column":55},"end":{"line":51,"column":103}}},"9":{"name":"(anonymous_9)","decl":{"start":{"line":55,"column":12},"end":{"line":55,"column":13}},"loc":{"start":{"line":55,"column":22},"end":{"line":55,"column":35}}},"10":{"name":"(anonymous_10)","decl":{"start":{"line":71,"column":55},"end":{"line":71,"column":56}},"loc":{"start":{"line":71,"column":69},"end":{"line":71,"column":78}}},"11":{"name":"calculateResponsiveMaintainerScore","decl":{"start":{"line":85,"column":16},"end":{"line":85,"column":50}},"loc":{"start":{"line":85,"column":75},"end":{"line":112,"column":1}}},"12":{"name":"(anonymous_12)","decl":{"start":{"line":92,"column":66},"end":{"line":92,"column":67}},"loc":{"start":{"line":92,"column":76},"end":{"line":95,"column":3}}},"13":{"name":"(anonymous_13)","decl":{"start":{"line":101,"column":45},"end":{"line":101,"column":46}},"loc":{"start":{"line":101,"column":56},"end":{"line":101,"column":84}}},"14":{"name":"calculateNetScore","decl":{"start":{"line":114,"column":24},"end":{"line":114,"column":41}},"loc":{"start":{"line":115,"column":78},"end":{"line":121,"column":1}}}},"branchMap":{"0":{"loc":{"start":{"line":36,"column":2},"end":{"line":38,"column":3}},"type":"if","locations":[{"start":{"line":36,"column":2},"end":{"line":38,"column":3}}]},"1":{"loc":{"start":{"line":53,"column":13},"end":{"line":53,"column":77}},"type":"cond-expr","locations":[{"start":{"line":53,"column":40},"end":{"line":53,"column":70}},{"start":{"line":53,"column":73},"end":{"line":53,"column":77}}]},"2":{"loc":{"start":{"line":59,"column":2},"end":{"line":61,"column":3}},"type":"if","locations":[{"start":{"line":59,"column":2},"end":{"line":61,"column":3}}]},"3":{"loc":{"start":{"line":74,"column":2},"end":{"line":76,"column":3}},"type":"if","locations":[{"start":{"line":74,"column":2},"end":{"line":76,"column":3}}]},"4":{"loc":{"start":{"line":104,"column":2},"end":{"line":106,"column":3}},"type":"if","locations":[{"start":{"line":104,"column":2},"end":{"line":106,"column":3}}]}},"s":{"0":1,"1":1,"2":1,"3":1,"4":1,"5":1,"6":2,"7":1,"8":2,"9":1,"10":1,"11":1,"12":2,"13":1,"14":1,"15":1,"16":1,"17":1,"18":0,"19":1,"20":1,"21":1,"22":2,"23":2,"24":4,"25":2,"26":2,"27":1,"28":0,"29":1,"30":1,"31":1,"32":1,"33":1,"34":1,"35":1,"36":1,"37":0,"38":1,"39":1,"40":1,"41":1,"42":1,"43":1,"44":2,"45":2,"46":1,"47":1,"48":2,"49":1,"50":0,"51":1,"52":1,"53":1,"54":1},"f":{"0":1,"1":2,"2":2,"3":2,"4":1,"5":1,"6":2,"7":2,"8":4,"9":2,"10":1,"11":1,"12":2,"13":2,"14":1},"b":{"0":[0],"1":[2,0],"2":[0],"3":[0],"4":[0]}},"/home/anja/Desktop/461/ACME-Project-Anja/src/GitHubAPIcaller.ts":{"path":"/home/anja/Desktop/461/ACME-Project-Anja/src/GitHubAPIcaller.ts","statementMap":{"0":{"start":{"line":78,"column":0},"end":{"line":78,"column":30}},"1":{"start":{"line":112,"column":0},"end":{"line":112,"column":22}},"2":{"start":{"line":151,"column":0},"end":{"line":151,"column":22}},"3":{"start":{"line":205,"column":0},"end":{"line":205,"column":22}},"4":{"start":{"line":239,"column":0},"end":{"line":239,"column":16}},"5":{"start":{"line":247,"column":0},"end":{"line":247,"column":16}},"6":{"start":{"line":267,"column":0},"end":{"line":267,"column":16}},"7":{"start":{"line":1,"column":0},"end":{"line":1,"column":33}},"8":{"start":{"line":2,"column":0},"end":{"line":2,"column":26}},"9":{"start":{"line":5,"column":0},"end":{"line":5,"column":16}},"10":{"start":{"line":6,"column":14},"end":{"line":6,"column":38}},"11":{"start":{"line":9,"column":23},"end":{"line":9,"column":55}},"12":{"start":{"line":79,"column":16},"end":{"line":91,"column":4}},"13":{"start":{"line":93,"column":19},"end":{"line":100,"column":4}},"14":{"start":{"line":102,"column":2},"end":{"line":104,"column":3}},"15":{"start":{"line":103,"column":4},"end":{"line":103,"column":68}},"16":{"start":{"line":106,"column":33},"end":{"line":106,"column":54}},"17":{"start":{"line":108,"column":2},"end":{"line":108,"column":16}},"18":{"start":{"line":113,"column":16},"end":{"line":131,"column":4}},"19":{"start":{"line":132,"column":19},"end":{"line":139,"column":4}},"20":{"start":{"line":141,"column":2},"end":{"line":143,"column":3}},"21":{"start":{"line":142,"column":4},"end":{"line":142,"column":68}},"22":{"start":{"line":145,"column":35},"end":{"line":145,"column":56}},"23":{"start":{"line":147,"column":2},"end":{"line":147,"column":16}},"24":{"start":{"line":152,"column":16},"end":{"line":179,"column":4}},"25":{"start":{"line":181,"column":19},"end":{"line":188,"column":4}},"26":{"start":{"line":190,"column":2},"end":{"line":192,"column":3}},"27":{"start":{"line":191,"column":4},"end":{"line":191,"column":68}},"28":{"start":{"line":194,"column":34},"end":{"line":194,"column":55}},"29":{"start":{"line":196,"column":2},"end":{"line":196,"column":16}},"30":{"start":{"line":206,"column":2},"end":{"line":230,"column":3}},"31":{"start":{"line":207,"column":23},"end":{"line":207,"column":83}},"32":{"start":{"line":208,"column":26},"end":{"line":208,"column":39}},"33":{"start":{"line":210,"column":6},"end":{"line":224,"column":7}},"34":{"start":{"line":211,"column":24},"end":{"line":211,"column":50}},"35":{"start":{"line":213,"column":10},"end":{"line":219,"column":11}},"36":{"start":{"line":214,"column":14},"end":{"line":214,"column":90}},"37":{"start":{"line":215,"column":17},"end":{"line":219,"column":11}},"38":{"start":{"line":216,"column":14},"end":{"line":216,"column":72}},"39":{"start":{"line":218,"column":14},"end":{"line":218,"column":52}},"40":{"start":{"line":221,"column":10},"end":{"line":223,"column":11}},"41":{"start":{"line":222,"column":14},"end":{"line":222,"column":29}},"42":{"start":{"line":226,"column":6},"end":{"line":226,"column":18}},"43":{"start":{"line":228,"column":6},"end":{"line":228,"column":83}},"44":{"start":{"line":229,"column":6},"end":{"line":229,"column":18}},"45":{"start":{"line":240,"column":23},"end":{"line":240,"column":43}},"46":{"start":{"line":241,"column":4},"end":{"line":241,"column":53}},"47":{"start":{"line":242,"column":4},"end":{"line":242,"column":50}},"48":{"start":{"line":243,"column":4},"end":{"line":243,"column":55}},"49":{"start":{"line":248,"column":21},"end":{"line":248,"column":41}},"50":{"start":{"line":249,"column":17},"end":{"line":249,"column":34}},"51":{"start":{"line":252,"column":2},"end":{"line":257,"column":5}},"52":{"start":{"line":253,"column":4},"end":{"line":253,"column":40}},"53":{"start":{"line":254,"column":4},"end":{"line":254,"column":46}},"54":{"start":{"line":255,"column":4},"end":{"line":255,"column":56}},"55":{"start":{"line":256,"column":4},"end":{"line":256,"column":86}},"56":{"start":{"line":260,"column":2},"end":{"line":260,"column":74}},"57":{"start":{"line":263,"column":2},"end":{"line":263,"column":50}},"58":{"start":{"line":268,"column":27},"end":{"line":268,"column":64}},"59":{"start":{"line":271,"column":2},"end":{"line":274,"column":3}},"60":{"start":{"line":272,"column":4},"end":{"line":272,"column":47}},"61":{"start":{"line":273,"column":4},"end":{"line":273,"column":11}},"62":{"start":{"line":277,"column":2},"end":{"line":307,"column":5}},"63":{"start":{"line":278,"column":4},"end":{"line":281,"column":5}},"64":{"start":{"line":279,"column":6},"end":{"line":279,"column":60}},"65":{"start":{"line":280,"column":6},"end":{"line":280,"column":13}},"66":{"start":{"line":283,"column":4},"end":{"line":283,"column":38}},"67":{"start":{"line":284,"column":4},"end":{"line":284,"column":46}},"68":{"start":{"line":285,"column":4},"end":{"line":285,"column":49}},"69":{"start":{"line":286,"column":4},"end":{"line":286,"column":118}},"70":{"start":{"line":289,"column":4},"end":{"line":306,"column":5}},"71":{"start":{"line":290,"column":6},"end":{"line":302,"column":9}},"72":{"start":{"line":291,"column":8},"end":{"line":291,"column":70}},"73":{"start":{"line":293,"column":8},"end":{"line":301,"column":9}},"74":{"start":{"line":294,"column":10},"end":{"line":297,"column":13}},"75":{"start":{"line":295,"column":12},"end":{"line":295,"column":70}},"76":{"start":{"line":296,"column":12},"end":{"line":296,"column":77}},"77":{"start":{"line":300,"column":10},"end":{"line":300,"column":53}},"78":{"start":{"line":305,"column":6},"end":{"line":305,"column":62}}},"fnMap":{"0":{"name":"fetchRepositoryInfo","decl":{"start":{"line":78,"column":30},"end":{"line":78,"column":49}},"loc":{"start":{"line":78,"column":77},"end":{"line":109,"column":null}}},"1":{"name":"fetchRepositoryIssues","decl":{"start":{"line":112,"column":22},"end":{"line":112,"column":43}},"loc":{"start":{"line":112,"column":71},"end":{"line":148,"column":null}}},"2":{"name":"fetchRepositoryUsers","decl":{"start":{"line":151,"column":22},"end":{"line":151,"column":42}},"loc":{"start":{"line":151,"column":70},"end":{"line":197,"column":null}}},"3":{"name":"getNpmPackageGithubRepo","decl":{"start":{"line":205,"column":22},"end":{"line":205,"column":45}},"loc":{"start":{"line":205,"column":65},"end":{"line":231,"column":null}}},"4":{"name":"printRepositoryInfo","decl":{"start":{"line":239,"column":16},"end":{"line":239,"column":35}},"loc":{"start":{"line":239,"column":56},"end":{"line":244,"column":1}}},"5":{"name":"printRepositoryIssues","decl":{"start":{"line":247,"column":16},"end":{"line":247,"column":37}},"loc":{"start":{"line":247,"column":60},"end":{"line":264,"column":1}}},"6":{"name":"(anonymous_24)","decl":{"start":{"line":252,"column":23},"end":{"line":252,"column":24}},"loc":{"start":{"line":252,"column":40},"end":{"line":257,"column":3}}},"7":{"name":"printRepositoryUsers","decl":{"start":{"line":267,"column":16},"end":{"line":267,"column":36}},"loc":{"start":{"line":267,"column":58},"end":{"line":308,"column":1}}},"8":{"name":"(anonymous_26)","decl":{"start":{"line":277,"column":33},"end":{"line":277,"column":34}},"loc":{"start":{"line":277,"column":49},"end":{"line":307,"column":3}}},"9":{"name":"(anonymous_27)","decl":{"start":{"line":290,"column":80},"end":{"line":290,"column":81}},"loc":{"start":{"line":290,"column":100},"end":{"line":302,"column":7}}},"10":{"name":"(anonymous_28)","decl":{"start":{"line":294,"column":43},"end":{"line":294,"column":44}},"loc":{"start":{"line":294,"column":79},"end":{"line":297,"column":11}}}},"branchMap":{"0":{"loc":{"start":{"line":102,"column":2},"end":{"line":104,"column":3}},"type":"if","locations":[{"start":{"line":102,"column":2},"end":{"line":104,"column":3}}]},"1":{"loc":{"start":{"line":141,"column":2},"end":{"line":143,"column":3}},"type":"if","locations":[{"start":{"line":141,"column":2},"end":{"line":143,"column":3}}]},"2":{"loc":{"start":{"line":190,"column":2},"end":{"line":192,"column":3}},"type":"if","locations":[{"start":{"line":190,"column":2},"end":{"line":192,"column":3}}]},"3":{"loc":{"start":{"line":210,"column":6},"end":{"line":224,"column":7}},"type":"if","locations":[{"start":{"line":210,"column":6},"end":{"line":224,"column":7}}]},"4":{"loc":{"start":{"line":210,"column":10},"end":{"line":210,"column":62}},"type":"binary-expr","locations":[{"start":{"line":210,"column":10},"end":{"line":210,"column":32}},{"start":{"line":210,"column":36},"end":{"line":210,"column":62}}]},"5":{"loc":{"start":{"line":213,"column":10},"end":{"line":219,"column":11}},"type":"if","locations":[{"start":{"line":213,"column":10},"end":{"line":219,"column":11}},{"start":{"line":215,"column":17},"end":{"line":219,"column":11}}]},"6":{"loc":{"start":{"line":215,"column":17},"end":{"line":219,"column":11}},"type":"if","locations":[{"start":{"line":215,"column":17},"end":{"line":219,"column":11}},{"start":{"line":217,"column":17},"end":{"line":219,"column":11}}]},"7":{"loc":{"start":{"line":221,"column":10},"end":{"line":223,"column":11}},"type":"if","locations":[{"start":{"line":221,"column":10},"end":{"line":223,"column":11}}]},"8":{"loc":{"start":{"line":256,"column":34},"end":{"line":256,"column":84}},"type":"cond-expr","locations":[{"start":{"line":256,"column":56},"end":{"line":256,"column":75}},{"start":{"line":256,"column":78},"end":{"line":256,"column":84}}]},"9":{"loc":{"start":{"line":271,"column":2},"end":{"line":274,"column":3}},"type":"if","locations":[{"start":{"line":271,"column":2},"end":{"line":274,"column":3}}]},"10":{"loc":{"start":{"line":278,"column":4},"end":{"line":281,"column":5}},"type":"if","locations":[{"start":{"line":278,"column":4},"end":{"line":281,"column":5}}]},"11":{"loc":{"start":{"line":289,"column":4},"end":{"line":306,"column":5}},"type":"if","locations":[{"start":{"line":289,"column":4},"end":{"line":306,"column":5}},{"start":{"line":304,"column":9},"end":{"line":306,"column":5}}]},"12":{"loc":{"start":{"line":293,"column":8},"end":{"line":301,"column":9}},"type":"if","locations":[{"start":{"line":293,"column":8},"end":{"line":301,"column":9}},{"start":{"line":299,"column":13},"end":{"line":301,"column":9}}]}},"s":{"0":1,"1":1,"2":1,"3":1,"4":1,"5":1,"6":1,"7":1,"8":1,"9":1,"10":1,"11":1,"12":0,"13":0,"14":0,"15":0,"16":0,"17":0,"18":0,"19":0,"20":0,"21":0,"22":0,"23":0,"24":0,"25":0,"26":0,"27":0,"28":0,"29":0,"30":3,"31":3,"32":2,"33":2,"34":2,"35":2,"36":0,"37":2,"38":0,"39":2,"40":2,"41":1,"42":1,"43":1,"44":1,"45":0,"46":0,"47":0,"48":0,"49":0,"50":0,"51":0,"52":0,"53":0,"54":0,"55":0,"56":0,"57":0,"58":0,"59":0,"60":0,"61":0,"62":0,"63":0,"64":0,"65":0,"66":0,"67":0,"68":0,"69":0,"70":0,"71":0,"72":0,"73":0,"74":0,"75":0,"76":0,"77":0,"78":0},"f":{"0":0,"1":0,"2":0,"3":3,"4":0,"5":0,"6":0,"7":0,"8":0,"9":0,"10":0},"b":{"0":[0],"1":[0],"2":[0],"3":[2],"4":[2,2],"5":[0,2],"6":[0,2],"7":[1],"8":[0,0],"9":[0],"10":[0],"11":[0,0],"12":[0,0]}},"/home/anja/Desktop/461/ACME-Project-Anja/src/logger.ts":{"path":"/home/anja/Desktop/461/ACME-Project-Anja/src/logger.ts","statementMap":{"0":{"start":{"line":1,"column":0},"end":{"line":1,"column":35}},"1":{"start":{"line":4,"column":17},"end":{"line":4,"column":48}},"2":{"start":{"line":7,"column":16},"end":{"line":7,"column":51}},"3":{"start":{"line":10,"column":15},"end":{"line":22,"column":2}},"4":{"start":{"line":15,"column":6},"end":{"line":15,"column":64}},"5":{"start":{"line":24,"column":0},"end":{"line":24,"column":22}}},"fnMap":{"0":{"name":"(anonymous_6)","decl":{"start":{"line":14,"column":26},"end":{"line":14,"column":27}},"loc":{"start":{"line":14,"column":60},"end":{"line":16,"column":5}}}},"branchMap":{"0":{"loc":{"start":{"line":4,"column":17},"end":{"line":4,"column":48}},"type":"binary-expr","locations":[{"start":{"line":4,"column":17},"end":{"line":4,"column":38}},{"start":{"line":4,"column":42},"end":{"line":4,"column":48}}]},"1":{"loc":{"start":{"line":7,"column":16},"end":{"line":7,"column":51}},"type":"binary-expr","locations":[{"start":{"line":7,"column":16},"end":{"line":7,"column":36}},{"start":{"line":7,"column":40},"end":{"line":7,"column":51}}]}},"s":{"0":0,"1":0,"2":0,"3":0,"4":0,"5":0},"f":{"0":0},"b":{"0":[0,0],"1":[0,0]}},"/home/anja/Desktop/461/ACME-Project-Anja/src/License.ts":{"path":"/home/anja/Desktop/461/ACME-Project-Anja/src/License.ts","statementMap":{"0":{"start":{"line":9,"column":0},"end":{"line":9,"column":22}},"1":{"start":{"line":1,"column":0},"end":{"line":1,"column":25}},"2":{"start":{"line":2,"column":0},"end":{"line":2,"column":38}},"3":{"start":{"line":3,"column":0},"end":{"line":3,"column":44}},"4":{"start":{"line":4,"column":0},"end":{"line":4,"column":29}},"5":{"start":{"line":7,"column":27},"end":{"line":7,"column":91}},"6":{"start":{"line":10,"column":21},"end":{"line":10,"column":62}},"7":{"start":{"line":12,"column":4},"end":{"line":66,"column":5}},"8":{"start":{"line":14,"column":8},"end":{"line":16,"column":9}},"9":{"start":{"line":15,"column":12},"end":{"line":15,"column":66}},"10":{"start":{"line":19,"column":8},"end":{"line":26,"column":11}},"11":{"start":{"line":29,"column":22},"end":{"line":29,"column":46}},"12":{"start":{"line":30,"column":29},"end":{"line":30,"column":78}},"13":{"start":{"line":30,"column":48},"end":{"line":30,"column":77}},"14":{"start":{"line":31,"column":36},"end":{"line":31,"column":41}},"15":{"start":{"line":32,"column":42},"end":{"line":32,"column":46}},"16":{"start":{"line":34,"column":8},"end":{"line":49,"column":9}},"17":{"start":{"line":36,"column":35},"end":{"line":36,"column":93}},"18":{"start":{"line":37,"column":12},"end":{"line":37,"column":62}},"19":{"start":{"line":39,"column":27},"end":{"line":39,"column":75}},"20":{"start":{"line":39,"column":46},"end":{"line":39,"column":74}},"21":{"start":{"line":40,"column":12},"end":{"line":48,"column":13}},"22":{"start":{"line":42,"column":31},"end":{"line":42,"column":83}},"23":{"start":{"line":44,"column":16},"end":{"line":47,"column":17}},"24":{"start":{"line":45,"column":20},"end":{"line":45,"column":39}},"25":{"start":{"line":46,"column":20},"end":{"line":46,"column":62}},"26":{"start":{"line":52,"column":8},"end":{"line":52,"column":62}},"27":{"start":{"line":55,"column":8},"end":{"line":61,"column":9}},"28":{"start":{"line":56,"column":12},"end":{"line":56,"column":21}},"29":{"start":{"line":57,"column":15},"end":{"line":61,"column":9}},"30":{"start":{"line":58,"column":12},"end":{"line":58,"column":21}},"31":{"start":{"line":60,"column":12},"end":{"line":60,"column":22}},"32":{"start":{"line":64,"column":8},"end":{"line":64,"column":73}},"33":{"start":{"line":65,"column":8},"end":{"line":65,"column":18}},"34":{"start":{"line":71,"column":4},"end":{"line":83,"column":5}},"35":{"start":{"line":72,"column":8},"end":{"line":72,"column":21}},"36":{"start":{"line":73,"column":11},"end":{"line":83,"column":5}},"37":{"start":{"line":74,"column":8},"end":{"line":74,"column":30}},"38":{"start":{"line":75,"column":11},"end":{"line":83,"column":5}},"39":{"start":{"line":76,"column":8},"end":{"line":76,"column":30}},"40":{"start":{"line":77,"column":11},"end":{"line":83,"column":5}},"41":{"start":{"line":78,"column":8},"end":{"line":78,"column":28}},"42":{"start":{"line":79,"column":11},"end":{"line":83,"column":5}},"43":{"start":{"line":80,"column":8},"end":{"line":80,"column":25}},"44":{"start":{"line":82,"column":8},"end":{"line":82,"column":20}}},"fnMap":{"0":{"name":"getLicense","decl":{"start":{"line":9,"column":22},"end":{"line":9,"column":32}},"loc":{"start":{"line":9,"column":64},"end":{"line":67,"column":null}}},"1":{"name":"(anonymous_16)","decl":{"start":{"line":30,"column":40},"end":{"line":30,"column":44}},"loc":{"start":{"line":30,"column":48},"end":{"line":30,"column":77}}},"2":{"name":"(anonymous_17)","decl":{"start":{"line":39,"column":38},"end":{"line":39,"column":42}},"loc":{"start":{"line":39,"column":46},"end":{"line":39,"column":74}}},"3":{"name":"identifyLicenseType","decl":{"start":{"line":70,"column":9},"end":{"line":70,"column":28}},"loc":{"start":{"line":70,"column":44},"end":{"line":84,"column":1}}}},"branchMap":{"0":{"loc":{"start":{"line":14,"column":8},"end":{"line":16,"column":9}},"type":"if","locations":[{"start":{"line":14,"column":8},"end":{"line":16,"column":9}}]},"1":{"loc":{"start":{"line":34,"column":8},"end":{"line":49,"column":9}},"type":"if","locations":[{"start":{"line":34,"column":8},"end":{"line":49,"column":9}},{"start":{"line":38,"column":15},"end":{"line":49,"column":9}}]},"2":{"loc":{"start":{"line":40,"column":12},"end":{"line":48,"column":13}},"type":"if","locations":[{"start":{"line":40,"column":12},"end":{"line":48,"column":13}}]},"3":{"loc":{"start":{"line":44,"column":16},"end":{"line":47,"column":17}},"type":"if","locations":[{"start":{"line":44,"column":16},"end":{"line":47,"column":17}}]},"4":{"loc":{"start":{"line":55,"column":8},"end":{"line":61,"column":9}},"type":"if","locations":[{"start":{"line":55,"column":8},"end":{"line":61,"column":9}},{"start":{"line":57,"column":15},"end":{"line":61,"column":9}}]},"5":{"loc":{"start":{"line":55,"column":12},"end":{"line":55,"column":67}},"type":"binary-expr","locations":[{"start":{"line":55,"column":12},"end":{"line":55,"column":23}},{"start":{"line":55,"column":27},"end":{"line":55,"column":67}}]},"6":{"loc":{"start":{"line":57,"column":15},"end":{"line":61,"column":9}},"type":"if","locations":[{"start":{"line":57,"column":15},"end":{"line":61,"column":9}},{"start":{"line":59,"column":15},"end":{"line":61,"column":9}}]},"7":{"loc":{"start":{"line":57,"column":19},"end":{"line":57,"column":46}},"type":"binary-expr","locations":[{"start":{"line":57,"column":19},"end":{"line":57,"column":31}},{"start":{"line":57,"column":35},"end":{"line":57,"column":46}}]},"8":{"loc":{"start":{"line":71,"column":4},"end":{"line":83,"column":5}},"type":"if","locations":[{"start":{"line":71,"column":4},"end":{"line":83,"column":5}},{"start":{"line":73,"column":11},"end":{"line":83,"column":5}}]},"9":{"loc":{"start":{"line":73,"column":11},"end":{"line":83,"column":5}},"type":"if","locations":[{"start":{"line":73,"column":11},"end":{"line":83,"column":5}},{"start":{"line":75,"column":11},"end":{"line":83,"column":5}}]},"10":{"loc":{"start":{"line":75,"column":11},"end":{"line":83,"column":5}},"type":"if","locations":[{"start":{"line":75,"column":11},"end":{"line":83,"column":5}},{"start":{"line":77,"column":11},"end":{"line":83,"column":5}}]},"11":{"loc":{"start":{"line":77,"column":11},"end":{"line":83,"column":5}},"type":"if","locations":[{"start":{"line":77,"column":11},"end":{"line":83,"column":5}},{"start":{"line":79,"column":11},"end":{"line":83,"column":5}}]},"12":{"loc":{"start":{"line":79,"column":11},"end":{"line":83,"column":5}},"type":"if","locations":[{"start":{"line":79,"column":11},"end":{"line":83,"column":5}},{"start":{"line":81,"column":11},"end":{"line":83,"column":5}}]}},"s":{"0":0,"1":0,"2":0,"3":0,"4":0,"5":0,"6":0,"7":0,"8":0,"9":0,"10":0,"11":0,"12":0,"13":0,"14":0,"15":0,"16":0,"17":0,"18":0,"19":0,"20":0,"21":0,"22":0,"23":0,"24":0,"25":0,"26":0,"27":0,"28":0,"29":0,"30":0,"31":0,"32":0,"33":0,"34":0,"35":0,"36":0,"37":0,"38":0,"39":0,"40":0,"41":0,"42":0,"43":0,"44":0},"f":{"0":0,"1":0,"2":0,"3":0},"b":{"0":[0],"1":[0,0],"2":[0],"3":[0],"4":[0,0],"5":[0,0],"6":[0,0],"7":[0,0],"8":[0,0],"9":[0,0],"10":[0,0],"11":[0,0],"12":[0,0]}},"/home/anja/Desktop/461/ACME-Project-Anja/src/main.ts":{"path":"/home/anja/Desktop/461/ACME-Project-Anja/src/main.ts","statementMap":{"0":{"start":{"line":60,"column":0},"end":{"line":60,"column":22}},"1":{"start":{"line":3,"column":0},"end":{"line":3,"column":25}},"2":{"start":{"line":6,"column":0},"end":{"line":6,"column":30}},"3":{"start":{"line":8,"column":16},"end":{"line":8,"column":36}},"4":{"start":{"line":9,"column":20},"end":{"line":9,"column":44}},"5":{"start":{"line":12,"column":0},"end":{"line":15,"column":1}},"6":{"start":{"line":13,"column":2},"end":{"line":13,"column":83}},"7":{"start":{"line":14,"column":2},"end":{"line":14,"column":18}},"8":{"start":{"line":18,"column":27},"end":{"line":18,"column":48}},"9":{"start":{"line":19,"column":23},"end":{"line":19,"column":69}},"10":{"start":{"line":22,"column":17},"end":{"line":22,"column":51}},"11":{"start":{"line":23,"column":13},"end":{"line":23,"column":33}},"12":{"start":{"line":29,"column":0},"end":{"line":29,"column":null}},"13":{"start":{"line":34,"column":0},"end":{"line":34,"column":null}},"14":{"start":{"line":41,"column":0},"end":{"line":41,"column":39}},"15":{"start":{"line":61,"column":21},"end":{"line":61,"column":63}},"16":{"start":{"line":63,"column":2},"end":{"line":72,"column":3}},"17":{"start":{"line":66,"column":6},"end":{"line":66,"column":24}},"18":{"start":{"line":68,"column":6},"end":{"line":68,"column":67}},"19":{"start":{"line":71,"column":6},"end":{"line":71,"column":16}},"20":{"start":{"line":75,"column":0},"end":{"line":203,"column":1}},"21":{"start":{"line":75,"column":13},"end":{"line":75,"column":14}},"22":{"start":{"line":82,"column":2},"end":{"line":201,"column":7}},"23":{"start":{"line":82,"column":14},"end":{"line":201,"column":4}},"24":{"start":{"line":83,"column":4},"end":{"line":200,"column":3}},"25":{"start":{"line":86,"column":23},"end":{"line":86,"column":41}},"26":{"start":{"line":91,"column":6},"end":{"line":91,"column":17}},"27":{"start":{"line":92,"column":6},"end":{"line":92,"column":22}},"28":{"start":{"line":94,"column":6},"end":{"line":117,"column":7}},"29":{"start":{"line":95,"column":8},"end":{"line":95,"column":30}},"30":{"start":{"line":97,"column":8},"end":{"line":97,"column":55}},"31":{"start":{"line":101,"column":11},"end":{"line":117,"column":7}},"32":{"start":{"line":103,"column":30},"end":{"line":103,"column":69}},"33":{"start":{"line":104,"column":8},"end":{"line":104,"column":32}},"34":{"start":{"line":107,"column":29},"end":{"line":107,"column":53}},"35":{"start":{"line":109,"column":8},"end":{"line":109,"column":34}},"36":{"start":{"line":110,"column":8},"end":{"line":110,"column":59}},"37":{"start":{"line":116,"column":8},"end":{"line":116,"column":29}},"38":{"start":{"line":126,"column":6},"end":{"line":126,"column":40}},"39":{"start":{"line":129,"column":6},"end":{"line":129,"column":32}},"40":{"start":{"line":130,"column":35},"end":{"line":130,"column":72}},"41":{"start":{"line":131,"column":6},"end":{"line":131,"column":30}},"42":{"start":{"line":132,"column":34},"end":{"line":132,"column":67}},"43":{"start":{"line":135,"column":43},"end":{"line":135,"column":87}},"44":{"start":{"line":136,"column":43},"end":{"line":136,"column":89}},"45":{"start":{"line":137,"column":43},"end":{"line":137,"column":88}},"46":{"start":{"line":141,"column":6},"end":{"line":141,"column":32}},"47":{"start":{"line":142,"column":34},"end":{"line":142,"column":68}},"48":{"start":{"line":143,"column":6},"end":{"line":143,"column":30}},"49":{"start":{"line":144,"column":34},"end":{"line":144,"column":67}},"50":{"start":{"line":147,"column":6},"end":{"line":147,"column":32}},"51":{"start":{"line":148,"column":34},"end":{"line":148,"column":66}},"52":{"start":{"line":149,"column":6},"end":{"line":149,"column":30}},"53":{"start":{"line":150,"column":34},"end":{"line":150,"column":67}},"54":{"start":{"line":153,"column":6},"end":{"line":153,"column":32}},"55":{"start":{"line":154,"column":34},"end":{"line":154,"column":65}},"56":{"start":{"line":155,"column":6},"end":{"line":155,"column":30}},"57":{"start":{"line":156,"column":34},"end":{"line":156,"column":67}},"58":{"start":{"line":159,"column":6},"end":{"line":159,"column":32}},"59":{"start":{"line":160,"column":35},"end":{"line":160,"column":81}},"60":{"start":{"line":161,"column":6},"end":{"line":161,"column":30}},"61":{"start":{"line":162,"column":42},"end":{"line":162,"column":75}},"62":{"start":{"line":165,"column":23},"end":{"line":165,"column":108}},"63":{"start":{"line":167,"column":6},"end":{"line":167,"column":38}},"64":{"start":{"line":169,"column":30},"end":{"line":169,"column":79}},"65":{"start":{"line":189,"column":26},"end":{"line":189,"column":493}},"66":{"start":{"line":192,"column":6},"end":{"line":192,"column":49}},"67":{"start":{"line":199,"column":4},"end":{"line":199,"column":35}}},"fnMap":{"0":{"name":"processPackageData","decl":{"start":{"line":60,"column":22},"end":{"line":60,"column":40}},"loc":{"start":{"line":60,"column":60},"end":{"line":73,"column":null}}},"1":{"name":"(anonymous_16)","decl":{"start":{"line":82,"column":3},"end":{"line":82,"column":12}},"loc":{"start":{"line":82,"column":14},"end":{"line":201,"column":4}}},"2":{"name":"(anonymous_17)","decl":{"start":{"line":82,"column":14},"end":{"line":82,"column":null}},"loc":{"start":{"line":82,"column":14},"end":{"line":201,"column":3}}}},"branchMap":{"0":{"loc":{"start":{"line":12,"column":0},"end":{"line":15,"column":1}},"type":"if","locations":[{"start":{"line":12,"column":0},"end":{"line":15,"column":1}}]},"1":{"loc":{"start":{"line":12,"column":4},"end":{"line":12,"column":28}},"type":"binary-expr","locations":[{"start":{"line":12,"column":4},"end":{"line":12,"column":12}},{"start":{"line":12,"column":16},"end":{"line":12,"column":28}}]},"2":{"loc":{"start":{"line":19,"column":23},"end":{"line":19,"column":69}},"type":"cond-expr","locations":[{"start":{"line":19,"column":47},"end":{"line":19,"column":60}},{"start":{"line":19,"column":63},"end":{"line":19,"column":69}}]},"3":{"loc":{"start":{"line":63,"column":2},"end":{"line":72,"column":3}},"type":"if","locations":[{"start":{"line":63,"column":2},"end":{"line":72,"column":3}},{"start":{"line":67,"column":9},"end":{"line":72,"column":3}}]},"4":{"loc":{"start":{"line":94,"column":6},"end":{"line":117,"column":7}},"type":"if","locations":[{"start":{"line":94,"column":6},"end":{"line":117,"column":7}},{"start":{"line":101,"column":11},"end":{"line":117,"column":7}}]},"5":{"loc":{"start":{"line":101,"column":11},"end":{"line":117,"column":7}},"type":"if","locations":[{"start":{"line":101,"column":11},"end":{"line":117,"column":7}},{"start":{"line":115,"column":10},"end":{"line":117,"column":7}}]}},"s":{"0":0,"1":0,"2":0,"3":0,"4":0,"5":0,"6":0,"7":0,"8":0,"9":0,"10":0,"11":0,"12":0,"13":0,"14":0,"15":0,"16":0,"17":0,"18":0,"19":0,"20":0,"21":0,"22":0,"23":0,"24":0,"25":0,"26":0,"27":0,"28":0,"29":0,"30":0,"31":0,"32":0,"33":0,"34":0,"35":0,"36":0,"37":0,"38":0,"39":0,"40":0,"41":0,"42":0,"43":0,"44":0,"45":0,"46":0,"47":0,"48":0,"49":0,"50":0,"51":0,"52":0,"53":0,"54":0,"55":0,"56":0,"57":0,"58":0,"59":0,"60":0,"61":0,"62":0,"63":0,"64":0,"65":0,"66":0,"67":0},"f":{"0":0,"1":0,"2":0},"b":{"0":[0],"1":[0,0],"2":[0,0],"3":[0,0],"4":[0,0],"5":[0,0]}}}}
