{"numFailedTestSuites":0,"numFailedTests":0,"numPassedTestSuites":1,"numPassedTests":1,"numPendingTestSuites":0,"numPendingTests":0,"numRuntimeErrorTestSuites":0,"numTodoTests":0,"numTotalTestSuites":1,"numTotalTests":1,"openHandles":[],"snapshot":{"added":0,"didUpdate":false,"failure":false,"filesAdded":0,"filesRemoved":0,"filesRemovedList":[],"filesUnmatched":0,"filesUpdated":0,"matched":0,"total":0,"unchecked":0,"uncheckedKeysByFile":[],"unmatched":0,"updated":0},"startTime":1727031650754,"success":true,"testResults":[{"assertionResults":[{"ancestorTitles":[],"duration":9,"failureDetails":[],"failureMessages":[],"fullName":"Logger should log \"Logger is working\"","invocations":1,"location":null,"numPassingAsserts":1,"retryReasons":[],"status":"passed","title":"Logger should log \"Logger is working\""}],"endTime":1727031652292,"message":"","name":"/home/anja/Desktop/461/ACME-Project-Anja/__tests__/logger.test.ts","startTime":1727031650824,"status":"passed","summary":""}],"wasInterrupted":false,"coverageMap":{"/home/anja/Desktop/461/ACME-Project-Anja/src/coverageReport.ts":{"path":"/home/anja/Desktop/461/ACME-Project-Anja/src/coverageReport.ts","statementMap":{"0":{"start":{"line":1,"column":0},"end":{"line":1,"column":25}},"1":{"start":{"line":2,"column":0},"end":{"line":2,"column":29}},"2":{"start":{"line":27,"column":15},"end":{"line":27,"column":49}},"3":{"start":{"line":28,"column":2},"end":{"line":28,"column":26}},"4":{"start":{"line":32,"column":21},"end":{"line":32,"column":81}},"5":{"start":{"line":33,"column":24},"end":{"line":33,"column":79}},"6":{"start":{"line":36,"column":41},"end":{"line":36,"column":80}},"7":{"start":{"line":37,"column":33},"end":{"line":37,"column":71}},"8":{"start":{"line":40,"column":19},"end":{"line":40,"column":52}},"9":{"start":{"line":41,"column":21},"end":{"line":41,"column":56}},"10":{"start":{"line":42,"column":24},"end":{"line":42,"column":70}},"11":{"start":{"line":45,"column":19},"end":{"line":45,"column":44}},"12":{"start":{"line":46,"column":20},"end":{"line":46,"column":46}},"13":{"start":{"line":49,"column":24},"end":{"line":49,"column":54}},"14":{"start":{"line":50,"column":25},"end":{"line":50,"column":100}},"15":{"start":{"line":50,"column":65},"end":{"line":50,"column":92}},"16":{"start":{"line":53,"column":0},"end":{"line":53,"column":53}},"17":{"start":{"line":54,"column":0},"end":{"line":54,"column":55}},"18":{"start":{"line":55,"column":0},"end":{"line":55,"column":47}},"19":{"start":{"line":56,"column":0},"end":{"line":56,"column":49}},"20":{"start":{"line":57,"column":0},"end":{"line":57,"column":45}},"21":{"start":{"line":58,"column":0},"end":{"line":58,"column":107}}},"fnMap":{"0":{"name":"readJSON","decl":{"start":{"line":26,"column":9},"end":{"line":26,"column":17}},"loc":{"start":{"line":26,"column":37},"end":{"line":29,"column":1}}},"1":{"name":"(anonymous_7)","decl":{"start":{"line":50,"column":56},"end":{"line":50,"column":61}},"loc":{"start":{"line":50,"column":65},"end":{"line":50,"column":92}}}},"branchMap":{},"s":{"0":0,"1":0,"2":0,"3":0,"4":0,"5":0,"6":0,"7":0,"8":0,"9":0,"10":0,"11":0,"12":0,"13":0,"14":0,"15":0,"16":0,"17":0,"18":0,"19":0,"20":0,"21":0},"f":{"0":0,"1":0},"b":{}},"/home/anja/Desktop/461/ACME-Project-Anja/src/License.ts":{"path":"/home/anja/Desktop/461/ACME-Project-Anja/src/License.ts","statementMap":{"0":{"start":{"line":6,"column":0},"end":{"line":6,"column":22}},"1":{"start":{"line":1,"column":0},"end":{"line":1,"column":25}},"2":{"start":{"line":2,"column":0},"end":{"line":2,"column":38}},"3":{"start":{"line":3,"column":0},"end":{"line":3,"column":44}},"4":{"start":{"line":4,"column":0},"end":{"line":4,"column":29}},"5":{"start":{"line":7,"column":21},"end":{"line":7,"column":62}},"6":{"start":{"line":10,"column":4},"end":{"line":51,"column":5}},"7":{"start":{"line":12,"column":8},"end":{"line":14,"column":9}},"8":{"start":{"line":13,"column":12},"end":{"line":13,"column":66}},"9":{"start":{"line":17,"column":8},"end":{"line":24,"column":11}},"10":{"start":{"line":27,"column":22},"end":{"line":27,"column":46}},"11":{"start":{"line":28,"column":29},"end":{"line":28,"column":78}},"12":{"start":{"line":28,"column":48},"end":{"line":28,"column":77}},"13":{"start":{"line":29,"column":36},"end":{"line":29,"column":41}},"14":{"start":{"line":30,"column":8},"end":{"line":40,"column":9}},"15":{"start":{"line":31,"column":27},"end":{"line":31,"column":75}},"16":{"start":{"line":31,"column":46},"end":{"line":31,"column":74}},"17":{"start":{"line":32,"column":12},"end":{"line":39,"column":13}},"18":{"start":{"line":34,"column":31},"end":{"line":34,"column":83}},"19":{"start":{"line":36,"column":16},"end":{"line":38,"column":17}},"20":{"start":{"line":37,"column":20},"end":{"line":37,"column":39}},"21":{"start":{"line":43,"column":8},"end":{"line":43,"column":62}},"22":{"start":{"line":46,"column":8},"end":{"line":46,"column":53}},"23":{"start":{"line":49,"column":8},"end":{"line":49,"column":73}},"24":{"start":{"line":50,"column":8},"end":{"line":50,"column":17}}},"fnMap":{"0":{"name":"getLicense","decl":{"start":{"line":6,"column":22},"end":{"line":6,"column":32}},"loc":{"start":{"line":6,"column":64},"end":{"line":52,"column":null}}},"1":{"name":"(anonymous_16)","decl":{"start":{"line":28,"column":40},"end":{"line":28,"column":44}},"loc":{"start":{"line":28,"column":48},"end":{"line":28,"column":77}}},"2":{"name":"(anonymous_17)","decl":{"start":{"line":31,"column":38},"end":{"line":31,"column":42}},"loc":{"start":{"line":31,"column":46},"end":{"line":31,"column":74}}}},"branchMap":{"0":{"loc":{"start":{"line":12,"column":8},"end":{"line":14,"column":9}},"type":"if","locations":[{"start":{"line":12,"column":8},"end":{"line":14,"column":9}}]},"1":{"loc":{"start":{"line":30,"column":8},"end":{"line":40,"column":9}},"type":"if","locations":[{"start":{"line":30,"column":8},"end":{"line":40,"column":9}}]},"2":{"loc":{"start":{"line":32,"column":12},"end":{"line":39,"column":13}},"type":"if","locations":[{"start":{"line":32,"column":12},"end":{"line":39,"column":13}}]},"3":{"loc":{"start":{"line":36,"column":16},"end":{"line":38,"column":17}},"type":"if","locations":[{"start":{"line":36,"column":16},"end":{"line":38,"column":17}}]},"4":{"loc":{"start":{"line":46,"column":15},"end":{"line":46,"column":52}},"type":"cond-expr","locations":[{"start":{"line":46,"column":47},"end":{"line":46,"column":48}},{"start":{"line":46,"column":51},"end":{"line":46,"column":52}}]},"5":{"loc":{"start":{"line":46,"column":16},"end":{"line":46,"column":43}},"type":"binary-expr","locations":[{"start":{"line":46,"column":16},"end":{"line":46,"column":28}},{"start":{"line":46,"column":32},"end":{"line":46,"column":43}}]}},"s":{"0":0,"1":0,"2":0,"3":0,"4":0,"5":0,"6":0,"7":0,"8":0,"9":0,"10":0,"11":0,"12":0,"13":0,"14":0,"15":0,"16":0,"17":0,"18":0,"19":0,"20":0,"21":0,"22":0,"23":0,"24":0},"f":{"0":0,"1":0,"2":0},"b":{"0":[0],"1":[0],"2":[0],"3":[0],"4":[0,0],"5":[0,0]}},"/home/anja/Desktop/461/ACME-Project-Anja/src/CalculateMetrics.ts":{"path":"/home/anja/Desktop/461/ACME-Project-Anja/src/CalculateMetrics.ts","statementMap":{"0":{"start":{"line":6,"column":0},"end":{"line":6,"column":16}},"1":{"start":{"line":32,"column":0},"end":{"line":32,"column":16}},"2":{"start":{"line":46,"column":0},"end":{"line":46,"column":16}},"3":{"start":{"line":85,"column":0},"end":{"line":85,"column":16}},"4":{"start":{"line":114,"column":0},"end":{"line":114,"column":24}},"5":{"start":{"line":8,"column":24},"end":{"line":9,"column":null}},"6":{"start":{"line":9,"column":14},"end":{"line":9,"column":87}},"7":{"start":{"line":13,"column":29},"end":{"line":13,"column":77}},"8":{"start":{"line":13,"column":64},"end":{"line":13,"column":73}},"9":{"start":{"line":16,"column":21},"end":{"line":16,"column":41}},"10":{"start":{"line":19,"column":30},"end":{"line":19,"column":61}},"11":{"start":{"line":22,"column":35},"end":{"line":24,"column":10}},"12":{"start":{"line":23,"column":22},"end":{"line":23,"column":57}},"13":{"start":{"line":26,"column":25},"end":{"line":26,"column":62}},"14":{"start":{"line":29,"column":2},"end":{"line":29,"column":48}},"15":{"start":{"line":33,"column":22},"end":{"line":33,"column":62}},"16":{"start":{"line":34,"column":26},"end":{"line":34,"column":72}},"17":{"start":{"line":36,"column":2},"end":{"line":38,"column":3}},"18":{"start":{"line":37,"column":4},"end":{"line":37,"column":13}},"19":{"start":{"line":40,"column":22},"end":{"line":40,"column":51}},"20":{"start":{"line":43,"column":2},"end":{"line":43,"column":45}},"21":{"start":{"line":48,"column":43},"end":{"line":55,"column":48}},"22":{"start":{"line":50,"column":32},"end":{"line":51,"column":null}},"23":{"start":{"line":51,"column":8},"end":{"line":51,"column":104}},"24":{"start":{"line":51,"column":55},"end":{"line":51,"column":103}},"25":{"start":{"line":53,"column":6},"end":{"line":53,"column":78}},"26":{"start":{"line":55,"column":22},"end":{"line":55,"column":35}},"27":{"start":{"line":59,"column":2},"end":{"line":61,"column":3}},"28":{"start":{"line":60,"column":4},"end":{"line":60,"column":13}},"29":{"start":{"line":64,"column":36},"end":{"line":64,"column":38}},"30":{"start":{"line":65,"column":2},"end":{"line":68,"column":3}},"31":{"start":{"line":65,"column":14},"end":{"line":65,"column":15}},"32":{"start":{"line":66,"column":24},"end":{"line":66,"column":109}},"33":{"start":{"line":67,"column":4},"end":{"line":67,"column":48}},"34":{"start":{"line":71,"column":32},"end":{"line":71,"column":107}},"35":{"start":{"line":71,"column":69},"end":{"line":71,"column":78}},"36":{"start":{"line":74,"column":2},"end":{"line":76,"column":3}},"37":{"start":{"line":75,"column":4},"end":{"line":75,"column":13}},"38":{"start":{"line":79,"column":22},"end":{"line":79,"column":60}},"39":{"start":{"line":82,"column":2},"end":{"line":82,"column":45}},"40":{"start":{"line":87,"column":22},"end":{"line":87,"column":32}},"41":{"start":{"line":88,"column":22},"end":{"line":88,"column":32}},"42":{"start":{"line":89,"column":2},"end":{"line":89,"column":51}},"43":{"start":{"line":92,"column":23},"end":{"line":95,"column":4}},"44":{"start":{"line":93,"column":22},"end":{"line":93,"column":52}},"45":{"start":{"line":94,"column":4},"end":{"line":94,"column":36}},"46":{"start":{"line":98,"column":22},"end":{"line":98,"column":41}},"47":{"start":{"line":101,"column":25},"end":{"line":101,"column":92}},"48":{"start":{"line":101,"column":56},"end":{"line":101,"column":84}},"49":{"start":{"line":104,"column":2},"end":{"line":106,"column":3}},"50":{"start":{"line":105,"column":4},"end":{"line":105,"column":13}},"51":{"start":{"line":108,"column":31},"end":{"line":108,"column":59}},"52":{"start":{"line":111,"column":2},"end":{"line":111,"column":54}},"53":{"start":{"line":116,"column":19},"end":{"line":117,"column":39}},"54":{"start":{"line":120,"column":2},"end":{"line":120,"column":42}}},"fnMap":{"0":{"name":"calculateBusFactorScore","decl":{"start":{"line":6,"column":16},"end":{"line":6,"column":39}},"loc":{"start":{"line":6,"column":62},"end":{"line":30,"column":1}}},"1":{"name":"(anonymous_1)","decl":{"start":{"line":9,"column":4},"end":{"line":9,"column":5}},"loc":{"start":{"line":9,"column":14},"end":{"line":9,"column":87}}},"2":{"name":"(anonymous_2)","decl":{"start":{"line":13,"column":50},"end":{"line":13,"column":51}},"loc":{"start":{"line":13,"column":64},"end":{"line":13,"column":73}}},"3":{"name":"(anonymous_3)","decl":{"start":{"line":23,"column":4},"end":{"line":23,"column":5}},"loc":{"start":{"line":23,"column":22},"end":{"line":23,"column":57}}},"4":{"name":"calculateCorrectness","decl":{"start":{"line":32,"column":16},"end":{"line":32,"column":36}},"loc":{"start":{"line":32,"column":61},"end":{"line":44,"column":1}}},"5":{"name":"calculateRampUpScore","decl":{"start":{"line":46,"column":16},"end":{"line":46,"column":36}},"loc":{"start":{"line":46,"column":59},"end":{"line":83,"column":1}}},"6":{"name":"(anonymous_6)","decl":{"start":{"line":49,"column":9},"end":{"line":49,"column":10}},"loc":{"start":{"line":49,"column":18},"end":{"line":54,"column":5}}},"7":{"name":"(anonymous_7)","decl":{"start":{"line":50,"column":106},"end":{"line":50,"column":107}},"loc":{"start":{"line":51,"column":8},"end":{"line":51,"column":104}}},"8":{"name":"(anonymous_8)","decl":{"start":{"line":51,"column":37},"end":{"line":51,"column":38}},"loc":{"start":{"line":51,"column":55},"end":{"line":51,"column":103}}},"9":{"name":"(anonymous_9)","decl":{"start":{"line":55,"column":12},"end":{"line":55,"column":13}},"loc":{"start":{"line":55,"column":22},"end":{"line":55,"column":35}}},"10":{"name":"(anonymous_10)","decl":{"start":{"line":71,"column":55},"end":{"line":71,"column":56}},"loc":{"start":{"line":71,"column":69},"end":{"line":71,"column":78}}},"11":{"name":"calculateResponsiveMaintainerScore","decl":{"start":{"line":85,"column":16},"end":{"line":85,"column":50}},"loc":{"start":{"line":85,"column":75},"end":{"line":112,"column":1}}},"12":{"name":"(anonymous_12)","decl":{"start":{"line":92,"column":66},"end":{"line":92,"column":67}},"loc":{"start":{"line":92,"column":76},"end":{"line":95,"column":3}}},"13":{"name":"(anonymous_13)","decl":{"start":{"line":101,"column":45},"end":{"line":101,"column":46}},"loc":{"start":{"line":101,"column":56},"end":{"line":101,"column":84}}},"14":{"name":"calculateNetScore","decl":{"start":{"line":114,"column":24},"end":{"line":114,"column":41}},"loc":{"start":{"line":115,"column":78},"end":{"line":121,"column":1}}}},"branchMap":{"0":{"loc":{"start":{"line":36,"column":2},"end":{"line":38,"column":3}},"type":"if","locations":[{"start":{"line":36,"column":2},"end":{"line":38,"column":3}}]},"1":{"loc":{"start":{"line":53,"column":13},"end":{"line":53,"column":77}},"type":"cond-expr","locations":[{"start":{"line":53,"column":40},"end":{"line":53,"column":70}},{"start":{"line":53,"column":73},"end":{"line":53,"column":77}}]},"2":{"loc":{"start":{"line":59,"column":2},"end":{"line":61,"column":3}},"type":"if","locations":[{"start":{"line":59,"column":2},"end":{"line":61,"column":3}}]},"3":{"loc":{"start":{"line":74,"column":2},"end":{"line":76,"column":3}},"type":"if","locations":[{"start":{"line":74,"column":2},"end":{"line":76,"column":3}}]},"4":{"loc":{"start":{"line":104,"column":2},"end":{"line":106,"column":3}},"type":"if","locations":[{"start":{"line":104,"column":2},"end":{"line":106,"column":3}}]}},"s":{"0":0,"1":0,"2":0,"3":0,"4":0,"5":0,"6":0,"7":0,"8":0,"9":0,"10":0,"11":0,"12":0,"13":0,"14":0,"15":0,"16":0,"17":0,"18":0,"19":0,"20":0,"21":0,"22":0,"23":0,"24":0,"25":0,"26":0,"27":0,"28":0,"29":0,"30":0,"31":0,"32":0,"33":0,"34":0,"35":0,"36":0,"37":0,"38":0,"39":0,"40":0,"41":0,"42":0,"43":0,"44":0,"45":0,"46":0,"47":0,"48":0,"49":0,"50":0,"51":0,"52":0,"53":0,"54":0},"f":{"0":0,"1":0,"2":0,"3":0,"4":0,"5":0,"6":0,"7":0,"8":0,"9":0,"10":0,"11":0,"12":0,"13":0,"14":0},"b":{"0":[0],"1":[0,0],"2":[0],"3":[0],"4":[0]}},"/home/anja/Desktop/461/ACME-Project-Anja/src/logger.ts":{"path":"/home/anja/Desktop/461/ACME-Project-Anja/src/logger.ts","statementMap":{"0":{"start":{"line":1,"column":0},"end":{"line":1,"column":35}},"1":{"start":{"line":4,"column":17},"end":{"line":4,"column":48}},"2":{"start":{"line":7,"column":16},"end":{"line":7,"column":51}},"3":{"start":{"line":10,"column":15},"end":{"line":22,"column":2}},"4":{"start":{"line":15,"column":6},"end":{"line":15,"column":64}},"5":{"start":{"line":24,"column":0},"end":{"line":24,"column":22}}},"fnMap":{"0":{"name":"(anonymous_6)","decl":{"start":{"line":14,"column":26},"end":{"line":14,"column":27}},"loc":{"start":{"line":14,"column":60},"end":{"line":16,"column":5}}}},"branchMap":{"0":{"loc":{"start":{"line":4,"column":17},"end":{"line":4,"column":48}},"type":"binary-expr","locations":[{"start":{"line":4,"column":17},"end":{"line":4,"column":38}},{"start":{"line":4,"column":42},"end":{"line":4,"column":48}}]},"1":{"loc":{"start":{"line":7,"column":16},"end":{"line":7,"column":51}},"type":"binary-expr","locations":[{"start":{"line":7,"column":16},"end":{"line":7,"column":36}},{"start":{"line":7,"column":40},"end":{"line":7,"column":51}}]}},"s":{"0":0,"1":0,"2":0,"3":0,"4":0,"5":0},"f":{"0":0},"b":{"0":[0,0],"1":[0,0]}},"/home/anja/Desktop/461/ACME-Project-Anja/src/GitHubAPIcaller.ts":{"path":"/home/anja/Desktop/461/ACME-Project-Anja/src/GitHubAPIcaller.ts","statementMap":{"0":{"start":{"line":78,"column":0},"end":{"line":78,"column":30}},"1":{"start":{"line":112,"column":0},"end":{"line":112,"column":22}},"2":{"start":{"line":151,"column":0},"end":{"line":151,"column":22}},"3":{"start":{"line":205,"column":0},"end":{"line":205,"column":22}},"4":{"start":{"line":245,"column":0},"end":{"line":245,"column":16}},"5":{"start":{"line":253,"column":0},"end":{"line":253,"column":16}},"6":{"start":{"line":273,"column":0},"end":{"line":273,"column":16}},"7":{"start":{"line":1,"column":0},"end":{"line":1,"column":33}},"8":{"start":{"line":2,"column":0},"end":{"line":2,"column":26}},"9":{"start":{"line":5,"column":0},"end":{"line":5,"column":16}},"10":{"start":{"line":6,"column":14},"end":{"line":6,"column":38}},"11":{"start":{"line":9,"column":23},"end":{"line":9,"column":55}},"12":{"start":{"line":79,"column":16},"end":{"line":91,"column":4}},"13":{"start":{"line":93,"column":19},"end":{"line":100,"column":4}},"14":{"start":{"line":102,"column":2},"end":{"line":104,"column":3}},"15":{"start":{"line":103,"column":4},"end":{"line":103,"column":68}},"16":{"start":{"line":106,"column":33},"end":{"line":106,"column":54}},"17":{"start":{"line":108,"column":2},"end":{"line":108,"column":16}},"18":{"start":{"line":113,"column":16},"end":{"line":131,"column":4}},"19":{"start":{"line":132,"column":19},"end":{"line":139,"column":4}},"20":{"start":{"line":141,"column":2},"end":{"line":143,"column":3}},"21":{"start":{"line":142,"column":4},"end":{"line":142,"column":68}},"22":{"start":{"line":145,"column":35},"end":{"line":145,"column":56}},"23":{"start":{"line":147,"column":2},"end":{"line":147,"column":16}},"24":{"start":{"line":152,"column":16},"end":{"line":179,"column":4}},"25":{"start":{"line":181,"column":19},"end":{"line":188,"column":4}},"26":{"start":{"line":190,"column":2},"end":{"line":192,"column":3}},"27":{"start":{"line":191,"column":4},"end":{"line":191,"column":68}},"28":{"start":{"line":194,"column":34},"end":{"line":194,"column":55}},"29":{"start":{"line":196,"column":2},"end":{"line":196,"column":16}},"30":{"start":{"line":206,"column":2},"end":{"line":237,"column":3}},"31":{"start":{"line":208,"column":23},"end":{"line":208,"column":83}},"32":{"start":{"line":209,"column":26},"end":{"line":209,"column":39}},"33":{"start":{"line":212,"column":6},"end":{"line":231,"column":7}},"34":{"start":{"line":213,"column":24},"end":{"line":213,"column":50}},"35":{"start":{"line":217,"column":10},"end":{"line":224,"column":11}},"36":{"start":{"line":219,"column":12},"end":{"line":219,"column":88}},"37":{"start":{"line":221,"column":15},"end":{"line":224,"column":11}},"38":{"start":{"line":223,"column":12},"end":{"line":223,"column":70}},"39":{"start":{"line":227,"column":10},"end":{"line":230,"column":11}},"40":{"start":{"line":229,"column":14},"end":{"line":229,"column":29}},"41":{"start":{"line":233,"column":6},"end":{"line":233,"column":18}},"42":{"start":{"line":235,"column":6},"end":{"line":235,"column":83}},"43":{"start":{"line":236,"column":6},"end":{"line":236,"column":18}},"44":{"start":{"line":246,"column":23},"end":{"line":246,"column":43}},"45":{"start":{"line":247,"column":4},"end":{"line":247,"column":53}},"46":{"start":{"line":248,"column":4},"end":{"line":248,"column":50}},"47":{"start":{"line":249,"column":4},"end":{"line":249,"column":55}},"48":{"start":{"line":254,"column":21},"end":{"line":254,"column":41}},"49":{"start":{"line":255,"column":17},"end":{"line":255,"column":34}},"50":{"start":{"line":258,"column":2},"end":{"line":263,"column":5}},"51":{"start":{"line":259,"column":4},"end":{"line":259,"column":40}},"52":{"start":{"line":260,"column":4},"end":{"line":260,"column":46}},"53":{"start":{"line":261,"column":4},"end":{"line":261,"column":56}},"54":{"start":{"line":262,"column":4},"end":{"line":262,"column":86}},"55":{"start":{"line":266,"column":2},"end":{"line":266,"column":74}},"56":{"start":{"line":269,"column":2},"end":{"line":269,"column":50}},"57":{"start":{"line":274,"column":27},"end":{"line":274,"column":64}},"58":{"start":{"line":277,"column":2},"end":{"line":280,"column":3}},"59":{"start":{"line":278,"column":4},"end":{"line":278,"column":47}},"60":{"start":{"line":279,"column":4},"end":{"line":279,"column":11}},"61":{"start":{"line":283,"column":2},"end":{"line":313,"column":5}},"62":{"start":{"line":284,"column":4},"end":{"line":287,"column":5}},"63":{"start":{"line":285,"column":6},"end":{"line":285,"column":60}},"64":{"start":{"line":286,"column":6},"end":{"line":286,"column":13}},"65":{"start":{"line":289,"column":4},"end":{"line":289,"column":38}},"66":{"start":{"line":290,"column":4},"end":{"line":290,"column":46}},"67":{"start":{"line":291,"column":4},"end":{"line":291,"column":49}},"68":{"start":{"line":292,"column":4},"end":{"line":292,"column":118}},"69":{"start":{"line":295,"column":4},"end":{"line":312,"column":5}},"70":{"start":{"line":296,"column":6},"end":{"line":308,"column":9}},"71":{"start":{"line":297,"column":8},"end":{"line":297,"column":70}},"72":{"start":{"line":299,"column":8},"end":{"line":307,"column":9}},"73":{"start":{"line":300,"column":10},"end":{"line":303,"column":13}},"74":{"start":{"line":301,"column":12},"end":{"line":301,"column":70}},"75":{"start":{"line":302,"column":12},"end":{"line":302,"column":77}},"76":{"start":{"line":306,"column":10},"end":{"line":306,"column":53}},"77":{"start":{"line":311,"column":6},"end":{"line":311,"column":62}}},"fnMap":{"0":{"name":"fetchRepositoryInfo","decl":{"start":{"line":78,"column":30},"end":{"line":78,"column":49}},"loc":{"start":{"line":78,"column":77},"end":{"line":109,"column":null}}},"1":{"name":"fetchRepositoryIssues","decl":{"start":{"line":112,"column":22},"end":{"line":112,"column":43}},"loc":{"start":{"line":112,"column":71},"end":{"line":148,"column":null}}},"2":{"name":"fetchRepositoryUsers","decl":{"start":{"line":151,"column":22},"end":{"line":151,"column":42}},"loc":{"start":{"line":151,"column":70},"end":{"line":197,"column":null}}},"3":{"name":"getNpmPackageGithubRepo","decl":{"start":{"line":205,"column":22},"end":{"line":205,"column":45}},"loc":{"start":{"line":205,"column":65},"end":{"line":238,"column":null}}},"4":{"name":"printRepositoryInfo","decl":{"start":{"line":245,"column":16},"end":{"line":245,"column":35}},"loc":{"start":{"line":245,"column":56},"end":{"line":250,"column":1}}},"5":{"name":"printRepositoryIssues","decl":{"start":{"line":253,"column":16},"end":{"line":253,"column":37}},"loc":{"start":{"line":253,"column":60},"end":{"line":270,"column":1}}},"6":{"name":"(anonymous_24)","decl":{"start":{"line":258,"column":23},"end":{"line":258,"column":24}},"loc":{"start":{"line":258,"column":40},"end":{"line":263,"column":3}}},"7":{"name":"printRepositoryUsers","decl":{"start":{"line":273,"column":16},"end":{"line":273,"column":36}},"loc":{"start":{"line":273,"column":58},"end":{"line":314,"column":1}}},"8":{"name":"(anonymous_26)","decl":{"start":{"line":283,"column":33},"end":{"line":283,"column":34}},"loc":{"start":{"line":283,"column":49},"end":{"line":313,"column":3}}},"9":{"name":"(anonymous_27)","decl":{"start":{"line":296,"column":80},"end":{"line":296,"column":81}},"loc":{"start":{"line":296,"column":100},"end":{"line":308,"column":7}}},"10":{"name":"(anonymous_28)","decl":{"start":{"line":300,"column":43},"end":{"line":300,"column":44}},"loc":{"start":{"line":300,"column":79},"end":{"line":303,"column":11}}}},"branchMap":{"0":{"loc":{"start":{"line":102,"column":2},"end":{"line":104,"column":3}},"type":"if","locations":[{"start":{"line":102,"column":2},"end":{"line":104,"column":3}}]},"1":{"loc":{"start":{"line":141,"column":2},"end":{"line":143,"column":3}},"type":"if","locations":[{"start":{"line":141,"column":2},"end":{"line":143,"column":3}}]},"2":{"loc":{"start":{"line":190,"column":2},"end":{"line":192,"column":3}},"type":"if","locations":[{"start":{"line":190,"column":2},"end":{"line":192,"column":3}}]},"3":{"loc":{"start":{"line":212,"column":6},"end":{"line":231,"column":7}},"type":"if","locations":[{"start":{"line":212,"column":6},"end":{"line":231,"column":7}}]},"4":{"loc":{"start":{"line":212,"column":10},"end":{"line":212,"column":62}},"type":"binary-expr","locations":[{"start":{"line":212,"column":10},"end":{"line":212,"column":32}},{"start":{"line":212,"column":36},"end":{"line":212,"column":62}}]},"5":{"loc":{"start":{"line":217,"column":10},"end":{"line":224,"column":11}},"type":"if","locations":[{"start":{"line":217,"column":10},"end":{"line":224,"column":11}},{"start":{"line":221,"column":15},"end":{"line":224,"column":11}}]},"6":{"loc":{"start":{"line":221,"column":15},"end":{"line":224,"column":11}},"type":"if","locations":[{"start":{"line":221,"column":15},"end":{"line":224,"column":11}}]},"7":{"loc":{"start":{"line":227,"column":10},"end":{"line":230,"column":11}},"type":"if","locations":[{"start":{"line":227,"column":10},"end":{"line":230,"column":11}}]},"8":{"loc":{"start":{"line":262,"column":34},"end":{"line":262,"column":84}},"type":"cond-expr","locations":[{"start":{"line":262,"column":56},"end":{"line":262,"column":75}},{"start":{"line":262,"column":78},"end":{"line":262,"column":84}}]},"9":{"loc":{"start":{"line":277,"column":2},"end":{"line":280,"column":3}},"type":"if","locations":[{"start":{"line":277,"column":2},"end":{"line":280,"column":3}}]},"10":{"loc":{"start":{"line":284,"column":4},"end":{"line":287,"column":5}},"type":"if","locations":[{"start":{"line":284,"column":4},"end":{"line":287,"column":5}}]},"11":{"loc":{"start":{"line":295,"column":4},"end":{"line":312,"column":5}},"type":"if","locations":[{"start":{"line":295,"column":4},"end":{"line":312,"column":5}},{"start":{"line":310,"column":9},"end":{"line":312,"column":5}}]},"12":{"loc":{"start":{"line":299,"column":8},"end":{"line":307,"column":9}},"type":"if","locations":[{"start":{"line":299,"column":8},"end":{"line":307,"column":9}},{"start":{"line":305,"column":13},"end":{"line":307,"column":9}}]}},"s":{"0":0,"1":0,"2":0,"3":0,"4":0,"5":0,"6":0,"7":0,"8":0,"9":0,"10":0,"11":0,"12":0,"13":0,"14":0,"15":0,"16":0,"17":0,"18":0,"19":0,"20":0,"21":0,"22":0,"23":0,"24":0,"25":0,"26":0,"27":0,"28":0,"29":0,"30":0,"31":0,"32":0,"33":0,"34":0,"35":0,"36":0,"37":0,"38":0,"39":0,"40":0,"41":0,"42":0,"43":0,"44":0,"45":0,"46":0,"47":0,"48":0,"49":0,"50":0,"51":0,"52":0,"53":0,"54":0,"55":0,"56":0,"57":0,"58":0,"59":0,"60":0,"61":0,"62":0,"63":0,"64":0,"65":0,"66":0,"67":0,"68":0,"69":0,"70":0,"71":0,"72":0,"73":0,"74":0,"75":0,"76":0,"77":0},"f":{"0":0,"1":0,"2":0,"3":0,"4":0,"5":0,"6":0,"7":0,"8":0,"9":0,"10":0},"b":{"0":[0],"1":[0],"2":[0],"3":[0],"4":[0,0],"5":[0,0],"6":[0],"7":[0],"8":[0,0],"9":[0],"10":[0],"11":[0,0],"12":[0,0]}},"/home/anja/Desktop/461/ACME-Project-Anja/src/main.ts":{"path":"/home/anja/Desktop/461/ACME-Project-Anja/src/main.ts","statementMap":{"0":{"start":{"line":48,"column":0},"end":{"line":48,"column":22}},"1":{"start":{"line":3,"column":0},"end":{"line":3,"column":25}},"2":{"start":{"line":9,"column":27},"end":{"line":9,"column":48}},"3":{"start":{"line":10,"column":23},"end":{"line":10,"column":69}},"4":{"start":{"line":13,"column":17},"end":{"line":13,"column":51}},"5":{"start":{"line":14,"column":13},"end":{"line":14,"column":33}},"6":{"start":{"line":17,"column":0},"end":{"line":17,"column":null}},"7":{"start":{"line":22,"column":0},"end":{"line":22,"column":null}},"8":{"start":{"line":29,"column":0},"end":{"line":29,"column":39}},"9":{"start":{"line":49,"column":21},"end":{"line":49,"column":63}},"10":{"start":{"line":51,"column":2},"end":{"line":60,"column":3}},"11":{"start":{"line":54,"column":6},"end":{"line":54,"column":24}},"12":{"start":{"line":56,"column":6},"end":{"line":56,"column":67}},"13":{"start":{"line":59,"column":6},"end":{"line":59,"column":16}},"14":{"start":{"line":63,"column":0},"end":{"line":199,"column":1}},"15":{"start":{"line":63,"column":13},"end":{"line":63,"column":14}},"16":{"start":{"line":70,"column":2},"end":{"line":197,"column":7}},"17":{"start":{"line":70,"column":14},"end":{"line":197,"column":4}},"18":{"start":{"line":71,"column":4},"end":{"line":196,"column":3}},"19":{"start":{"line":74,"column":23},"end":{"line":74,"column":41}},"20":{"start":{"line":79,"column":6},"end":{"line":79,"column":17}},"21":{"start":{"line":80,"column":6},"end":{"line":80,"column":22}},"22":{"start":{"line":82,"column":6},"end":{"line":105,"column":7}},"23":{"start":{"line":83,"column":8},"end":{"line":83,"column":30}},"24":{"start":{"line":85,"column":8},"end":{"line":85,"column":55}},"25":{"start":{"line":89,"column":11},"end":{"line":105,"column":7}},"26":{"start":{"line":91,"column":30},"end":{"line":91,"column":69}},"27":{"start":{"line":92,"column":8},"end":{"line":92,"column":32}},"28":{"start":{"line":95,"column":29},"end":{"line":95,"column":53}},"29":{"start":{"line":97,"column":8},"end":{"line":97,"column":34}},"30":{"start":{"line":98,"column":8},"end":{"line":98,"column":59}},"31":{"start":{"line":104,"column":8},"end":{"line":104,"column":29}},"32":{"start":{"line":114,"column":6},"end":{"line":114,"column":40}},"33":{"start":{"line":117,"column":6},"end":{"line":117,"column":32}},"34":{"start":{"line":118,"column":35},"end":{"line":118,"column":72}},"35":{"start":{"line":119,"column":6},"end":{"line":119,"column":30}},"36":{"start":{"line":120,"column":34},"end":{"line":120,"column":67}},"37":{"start":{"line":123,"column":43},"end":{"line":123,"column":87}},"38":{"start":{"line":124,"column":43},"end":{"line":124,"column":89}},"39":{"start":{"line":125,"column":43},"end":{"line":125,"column":88}},"40":{"start":{"line":129,"column":6},"end":{"line":129,"column":32}},"41":{"start":{"line":130,"column":34},"end":{"line":130,"column":68}},"42":{"start":{"line":131,"column":6},"end":{"line":131,"column":30}},"43":{"start":{"line":132,"column":34},"end":{"line":132,"column":67}},"44":{"start":{"line":135,"column":6},"end":{"line":135,"column":32}},"45":{"start":{"line":136,"column":34},"end":{"line":136,"column":66}},"46":{"start":{"line":137,"column":6},"end":{"line":137,"column":30}},"47":{"start":{"line":138,"column":34},"end":{"line":138,"column":67}},"48":{"start":{"line":141,"column":6},"end":{"line":141,"column":32}},"49":{"start":{"line":142,"column":34},"end":{"line":142,"column":65}},"50":{"start":{"line":143,"column":6},"end":{"line":143,"column":30}},"51":{"start":{"line":144,"column":34},"end":{"line":144,"column":67}},"52":{"start":{"line":147,"column":6},"end":{"line":147,"column":32}},"53":{"start":{"line":148,"column":35},"end":{"line":148,"column":81}},"54":{"start":{"line":149,"column":6},"end":{"line":149,"column":30}},"55":{"start":{"line":150,"column":42},"end":{"line":150,"column":75}},"56":{"start":{"line":153,"column":23},"end":{"line":153,"column":108}},"57":{"start":{"line":155,"column":6},"end":{"line":155,"column":38}},"58":{"start":{"line":157,"column":30},"end":{"line":157,"column":79}},"59":{"start":{"line":175,"column":51},"end":{"line":189,"column":8}},"60":{"start":{"line":191,"column":6},"end":{"line":191,"column":37}},"61":{"start":{"line":195,"column":4},"end":{"line":195,"column":35}}},"fnMap":{"0":{"name":"processPackageData","decl":{"start":{"line":48,"column":22},"end":{"line":48,"column":40}},"loc":{"start":{"line":48,"column":60},"end":{"line":61,"column":null}}},"1":{"name":"(anonymous_15)","decl":{"start":{"line":70,"column":3},"end":{"line":70,"column":12}},"loc":{"start":{"line":70,"column":14},"end":{"line":197,"column":4}}},"2":{"name":"(anonymous_16)","decl":{"start":{"line":70,"column":14},"end":{"line":70,"column":null}},"loc":{"start":{"line":70,"column":14},"end":{"line":197,"column":3}}}},"branchMap":{"0":{"loc":{"start":{"line":10,"column":23},"end":{"line":10,"column":69}},"type":"cond-expr","locations":[{"start":{"line":10,"column":47},"end":{"line":10,"column":60}},{"start":{"line":10,"column":63},"end":{"line":10,"column":69}}]},"1":{"loc":{"start":{"line":51,"column":2},"end":{"line":60,"column":3}},"type":"if","locations":[{"start":{"line":51,"column":2},"end":{"line":60,"column":3}},{"start":{"line":55,"column":9},"end":{"line":60,"column":3}}]},"2":{"loc":{"start":{"line":82,"column":6},"end":{"line":105,"column":7}},"type":"if","locations":[{"start":{"line":82,"column":6},"end":{"line":105,"column":7}},{"start":{"line":89,"column":11},"end":{"line":105,"column":7}}]},"3":{"loc":{"start":{"line":89,"column":11},"end":{"line":105,"column":7}},"type":"if","locations":[{"start":{"line":89,"column":11},"end":{"line":105,"column":7}},{"start":{"line":103,"column":10},"end":{"line":105,"column":7}}]}},"s":{"0":0,"1":0,"2":0,"3":0,"4":0,"5":0,"6":0,"7":0,"8":0,"9":0,"10":0,"11":0,"12":0,"13":0,"14":0,"15":0,"16":0,"17":0,"18":0,"19":0,"20":0,"21":0,"22":0,"23":0,"24":0,"25":0,"26":0,"27":0,"28":0,"29":0,"30":0,"31":0,"32":0,"33":0,"34":0,"35":0,"36":0,"37":0,"38":0,"39":0,"40":0,"41":0,"42":0,"43":0,"44":0,"45":0,"46":0,"47":0,"48":0,"49":0,"50":0,"51":0,"52":0,"53":0,"54":0,"55":0,"56":0,"57":0,"58":0,"59":0,"60":0,"61":0},"f":{"0":0,"1":0,"2":0},"b":{"0":[0,0],"1":[0,0],"2":[0,0],"3":[0,0]}}}}
